2022-03-27 14:20:12,507 Namespace(cfg='experiments/CS_W18_smallv1_finetune.yaml', seed=304, local_rank=0, opts=[])
2022-03-27 14:20:12,507 AUTO_RESUME: False
CUDNN:
  BENCHMARK: True
  DETERMINISTIC: False
  ENABLED: True
DATASET:
  DATASET: cityscapes
  EXTRA_TRAIN_SET: 
  NUM_CLASSES: 19
  ROOT: data/
  TEST_SET: list/cityscapes/val.lst
  TRAIN_SET: list/cityscapes/train.lst
DEBUG:
  DEBUG: False
  SAVE_BATCH_IMAGES_GT: False
  SAVE_BATCH_IMAGES_PRED: False
  SAVE_HEATMAPS_GT: False
  SAVE_HEATMAPS_PRED: False
GPUS: (0,)
LOG_DIR: log
LOSS:
  BALANCE_WEIGHTS: [1]
  CLASS_BALANCE: True
  OHEMKEEP: 131072
  OHEMTHRES: 0.9
  USE_OHEM: False
MODEL:
  ALIGN_CORNERS: True
  EXTRA:
    FINAL_CONV_KERNEL: 1
    STAGE1:
      BLOCK: BOTTLENECK
      FUSE_METHOD: SUM
      NUM_BLOCKS: [1]
      NUM_CHANNELS: [32]
      NUM_MODULES: 1
      NUM_RANCHES: 1
    STAGE2:
      BLOCK: BASIC
      FUSE_METHOD: SUM
      NUM_BLOCKS: [2, 2]
      NUM_BRANCHES: 2
      NUM_CHANNELS: [16, 32]
      NUM_MODULES: 1
    STAGE3:
      BLOCK: BASIC
      FUSE_METHOD: SUM
      NUM_BLOCKS: [2, 2, 2]
      NUM_BRANCHES: 3
      NUM_CHANNELS: [16, 32, 64]
      NUM_MODULES: 1
    STAGE4:
      BLOCK: BASIC
      FUSE_METHOD: SUM
      NUM_BLOCKS: [2, 2, 2, 2]
      NUM_BRANCHES: 4
      NUM_CHANNELS: [16, 32, 64, 128]
      NUM_MODULES: 1
  NAME: seg_hrnet
  NUM_OUTPUTS: 1
  OCR:
    DROPOUT: 0.05
    KEY_CHANNELS: 256
    MID_CHANNELS: 512
    SCALE: 1
  PRETRAINED: pretrained_models/hrnet_w18_small_model_v1.pth
OUTPUT_DIR: output
PIN_MEMORY: True
PRINT_FREQ: 100
RANK: 0
TEST:
  BASE_SIZE: 2048
  BATCH_SIZE_PER_GPU: 3
  FLIP_TEST: False
  IMAGE_SIZE: [2048, 1024]
  MODEL_FILE: 
  MULTI_SCALE: False
  NUM_SAMPLES: 0
  OUTPUT_INDEX: -1
  SCALE_LIST: [1]
TRAIN:
  BASE_SIZE: 2048
  BATCH_SIZE_PER_GPU: 18
  BEGIN_EPOCH: 0
  DOWNSAMPLERATE: 1
  END_EPOCH: 484
  EXTRA_EPOCH: 0
  EXTRA_LR: 0.001
  FLIP: True
  FREEZE_EPOCHS: -1
  FREEZE_LAYERS: 
  IGNORE_LABEL: 255
  IMAGE_SIZE: [1024, 512]
  LR: 0.01
  LR_FACTOR: 0.1
  LR_STEP: [90, 110]
  MOMENTUM: 0.9
  MULTI_SCALE: True
  NESTEROV: False
  NONBACKBONE_KEYWORDS: []
  NONBACKBONE_MULT: 10
  NUM_SAMPLES: 0
  OPTIMIZER: sgd
  RANDOM_BRIGHTNESS: False
  RANDOM_BRIGHTNESS_SHIFT_VALUE: 10
  RESUME: True
  SCALE_FACTOR: 16
  SHUFFLE: True
  WD: 0.0005
WORKERS: 4
2022-03-27 14:20:12,534 => init weights from normal distribution
2022-03-27 14:20:12,711 => loading pretrained model pretrained_models/hrnet_w18_small_model_v1.pth
2022-03-27 14:20:12,713 => loading conv1.weight pretrained model pretrained_models/hrnet_w18_small_model_v1.pth
2022-03-27 14:20:12,713 => loading bn1.weight pretrained model pretrained_models/hrnet_w18_small_model_v1.pth
2022-03-27 14:20:12,713 => loading bn1.bias pretrained model pretrained_models/hrnet_w18_small_model_v1.pth
2022-03-27 14:20:12,713 => loading bn1.running_mean pretrained model pretrained_models/hrnet_w18_small_model_v1.pth
2022-03-27 14:20:12,714 => loading bn1.running_var pretrained model pretrained_models/hrnet_w18_small_model_v1.pth
2022-03-27 14:20:12,714 => loading bn1.num_batches_tracked pretrained model pretrained_models/hrnet_w18_small_model_v1.pth
2022-03-27 14:20:12,714 => loading conv2.weight pretrained model pretrained_models/hrnet_w18_small_model_v1.pth
2022-03-27 14:20:12,714 => loading bn2.weight pretrained model pretrained_models/hrnet_w18_small_model_v1.pth
2022-03-27 14:20:12,714 => loading bn2.bias pretrained model pretrained_models/hrnet_w18_small_model_v1.pth
2022-03-27 14:20:12,714 => loading bn2.running_mean pretrained model pretrained_models/hrnet_w18_small_model_v1.pth
2022-03-27 14:20:12,714 => loading bn2.running_var pretrained model pretrained_models/hrnet_w18_small_model_v1.pth
2022-03-27 14:20:12,715 => loading bn2.num_batches_tracked pretrained model pretrained_models/hrnet_w18_small_model_v1.pth
2022-03-27 14:20:12,715 => loading layer1.0.conv1.weight pretrained model pretrained_models/hrnet_w18_small_model_v1.pth
2022-03-27 14:20:12,715 => loading layer1.0.bn1.weight pretrained model pretrained_models/hrnet_w18_small_model_v1.pth
2022-03-27 14:20:12,715 => loading layer1.0.bn1.bias pretrained model pretrained_models/hrnet_w18_small_model_v1.pth
2022-03-27 14:20:12,715 => loading layer1.0.bn1.running_mean pretrained model pretrained_models/hrnet_w18_small_model_v1.pth
2022-03-27 14:20:12,715 => loading layer1.0.bn1.running_var pretrained model pretrained_models/hrnet_w18_small_model_v1.pth
2022-03-27 14:20:12,716 => loading layer1.0.bn1.num_batches_tracked pretrained model pretrained_models/hrnet_w18_small_model_v1.pth
2022-03-27 14:20:12,716 => loading layer1.0.conv2.weight pretrained model pretrained_models/hrnet_w18_small_model_v1.pth
2022-03-27 14:20:12,716 => loading layer1.0.bn2.weight pretrained model pretrained_models/hrnet_w18_small_model_v1.pth
2022-03-27 14:20:12,716 => loading layer1.0.bn2.bias pretrained model pretrained_models/hrnet_w18_small_model_v1.pth
2022-03-27 14:20:12,716 => loading layer1.0.bn2.running_mean pretrained model pretrained_models/hrnet_w18_small_model_v1.pth
2022-03-27 14:20:12,716 => loading layer1.0.bn2.running_var pretrained model pretrained_models/hrnet_w18_small_model_v1.pth
2022-03-27 14:20:12,716 => loading layer1.0.bn2.num_batches_tracked pretrained model pretrained_models/hrnet_w18_small_model_v1.pth
2022-03-27 14:20:12,716 => loading layer1.0.conv3.weight pretrained model pretrained_models/hrnet_w18_small_model_v1.pth
2022-03-27 14:20:12,717 => loading layer1.0.bn3.weight pretrained model pretrained_models/hrnet_w18_small_model_v1.pth
2022-03-27 14:20:12,717 => loading layer1.0.bn3.bias pretrained model pretrained_models/hrnet_w18_small_model_v1.pth
2022-03-27 14:20:12,717 => loading layer1.0.bn3.running_mean pretrained model pretrained_models/hrnet_w18_small_model_v1.pth
2022-03-27 14:20:12,717 => loading layer1.0.bn3.running_var pretrained model pretrained_models/hrnet_w18_small_model_v1.pth
2022-03-27 14:20:12,717 => loading layer1.0.bn3.num_batches_tracked pretrained model pretrained_models/hrnet_w18_small_model_v1.pth
2022-03-27 14:20:12,717 => loading layer1.0.downsample.0.weight pretrained model pretrained_models/hrnet_w18_small_model_v1.pth
2022-03-27 14:20:12,717 => loading layer1.0.downsample.1.weight pretrained model pretrained_models/hrnet_w18_small_model_v1.pth
2022-03-27 14:20:12,717 => loading layer1.0.downsample.1.bias pretrained model pretrained_models/hrnet_w18_small_model_v1.pth
2022-03-27 14:20:12,718 => loading layer1.0.downsample.1.running_mean pretrained model pretrained_models/hrnet_w18_small_model_v1.pth
2022-03-27 14:20:12,718 => loading layer1.0.downsample.1.running_var pretrained model pretrained_models/hrnet_w18_small_model_v1.pth
2022-03-27 14:20:12,718 => loading layer1.0.downsample.1.num_batches_tracked pretrained model pretrained_models/hrnet_w18_small_model_v1.pth
2022-03-27 14:20:12,718 => loading transition1.0.0.weight pretrained model pretrained_models/hrnet_w18_small_model_v1.pth
2022-03-27 14:20:12,718 => loading transition1.0.1.weight pretrained model pretrained_models/hrnet_w18_small_model_v1.pth
2022-03-27 14:20:12,718 => loading transition1.0.1.bias pretrained model pretrained_models/hrnet_w18_small_model_v1.pth
2022-03-27 14:20:12,718 => loading transition1.0.1.running_mean pretrained model pretrained_models/hrnet_w18_small_model_v1.pth
2022-03-27 14:20:12,718 => loading transition1.0.1.running_var pretrained model pretrained_models/hrnet_w18_small_model_v1.pth
2022-03-27 14:20:12,719 => loading transition1.0.1.num_batches_tracked pretrained model pretrained_models/hrnet_w18_small_model_v1.pth
2022-03-27 14:20:12,719 => loading transition1.1.0.0.weight pretrained model pretrained_models/hrnet_w18_small_model_v1.pth
2022-03-27 14:20:12,719 => loading transition1.1.0.1.weight pretrained model pretrained_models/hrnet_w18_small_model_v1.pth
2022-03-27 14:20:12,719 => loading transition1.1.0.1.bias pretrained model pretrained_models/hrnet_w18_small_model_v1.pth
2022-03-27 14:20:12,719 => loading transition1.1.0.1.running_mean pretrained model pretrained_models/hrnet_w18_small_model_v1.pth
2022-03-27 14:20:12,719 => loading transition1.1.0.1.running_var pretrained model pretrained_models/hrnet_w18_small_model_v1.pth
2022-03-27 14:20:12,719 => loading transition1.1.0.1.num_batches_tracked pretrained model pretrained_models/hrnet_w18_small_model_v1.pth
2022-03-27 14:20:12,720 => loading stage2.0.branches.0.0.conv1.weight pretrained model pretrained_models/hrnet_w18_small_model_v1.pth
2022-03-27 14:20:12,720 => loading stage2.0.branches.0.0.bn1.weight pretrained model pretrained_models/hrnet_w18_small_model_v1.pth
2022-03-27 14:20:12,720 => loading stage2.0.branches.0.0.bn1.bias pretrained model pretrained_models/hrnet_w18_small_model_v1.pth
2022-03-27 14:20:12,720 => loading stage2.0.branches.0.0.bn1.running_mean pretrained model pretrained_models/hrnet_w18_small_model_v1.pth
2022-03-27 14:20:12,720 => loading stage2.0.branches.0.0.bn1.running_var pretrained model pretrained_models/hrnet_w18_small_model_v1.pth
2022-03-27 14:20:12,720 => loading stage2.0.branches.0.0.bn1.num_batches_tracked pretrained model pretrained_models/hrnet_w18_small_model_v1.pth
2022-03-27 14:20:12,720 => loading stage2.0.branches.0.0.conv2.weight pretrained model pretrained_models/hrnet_w18_small_model_v1.pth
2022-03-27 14:20:12,720 => loading stage2.0.branches.0.0.bn2.weight pretrained model pretrained_models/hrnet_w18_small_model_v1.pth
2022-03-27 14:20:12,721 => loading stage2.0.branches.0.0.bn2.bias pretrained model pretrained_models/hrnet_w18_small_model_v1.pth
2022-03-27 14:20:12,721 => loading stage2.0.branches.0.0.bn2.running_mean pretrained model pretrained_models/hrnet_w18_small_model_v1.pth
2022-03-27 14:20:12,721 => loading stage2.0.branches.0.0.bn2.running_var pretrained model pretrained_models/hrnet_w18_small_model_v1.pth
2022-03-27 14:20:12,721 => loading stage2.0.branches.0.0.bn2.num_batches_tracked pretrained model pretrained_models/hrnet_w18_small_model_v1.pth
2022-03-27 14:20:12,721 => loading stage2.0.branches.0.1.conv1.weight pretrained model pretrained_models/hrnet_w18_small_model_v1.pth
2022-03-27 14:20:12,721 => loading stage2.0.branches.0.1.bn1.weight pretrained model pretrained_models/hrnet_w18_small_model_v1.pth
2022-03-27 14:20:12,721 => loading stage2.0.branches.0.1.bn1.bias pretrained model pretrained_models/hrnet_w18_small_model_v1.pth
2022-03-27 14:20:12,721 => loading stage2.0.branches.0.1.bn1.running_mean pretrained model pretrained_models/hrnet_w18_small_model_v1.pth
2022-03-27 14:20:12,722 => loading stage2.0.branches.0.1.bn1.running_var pretrained model pretrained_models/hrnet_w18_small_model_v1.pth
2022-03-27 14:20:12,722 => loading stage2.0.branches.0.1.bn1.num_batches_tracked pretrained model pretrained_models/hrnet_w18_small_model_v1.pth
2022-03-27 14:20:12,722 => loading stage2.0.branches.0.1.conv2.weight pretrained model pretrained_models/hrnet_w18_small_model_v1.pth
2022-03-27 14:20:12,722 => loading stage2.0.branches.0.1.bn2.weight pretrained model pretrained_models/hrnet_w18_small_model_v1.pth
2022-03-27 14:20:12,722 => loading stage2.0.branches.0.1.bn2.bias pretrained model pretrained_models/hrnet_w18_small_model_v1.pth
2022-03-27 14:20:12,722 => loading stage2.0.branches.0.1.bn2.running_mean pretrained model pretrained_models/hrnet_w18_small_model_v1.pth
2022-03-27 14:20:12,722 => loading stage2.0.branches.0.1.bn2.running_var pretrained model pretrained_models/hrnet_w18_small_model_v1.pth
2022-03-27 14:20:12,723 => loading stage2.0.branches.0.1.bn2.num_batches_tracked pretrained model pretrained_models/hrnet_w18_small_model_v1.pth
2022-03-27 14:20:12,723 => loading stage2.0.branches.1.0.conv1.weight pretrained model pretrained_models/hrnet_w18_small_model_v1.pth
2022-03-27 14:20:12,723 => loading stage2.0.branches.1.0.bn1.weight pretrained model pretrained_models/hrnet_w18_small_model_v1.pth
2022-03-27 14:20:12,723 => loading stage2.0.branches.1.0.bn1.bias pretrained model pretrained_models/hrnet_w18_small_model_v1.pth
2022-03-27 14:20:12,723 => loading stage2.0.branches.1.0.bn1.running_mean pretrained model pretrained_models/hrnet_w18_small_model_v1.pth
2022-03-27 14:20:12,723 => loading stage2.0.branches.1.0.bn1.running_var pretrained model pretrained_models/hrnet_w18_small_model_v1.pth
2022-03-27 14:20:12,723 => loading stage2.0.branches.1.0.bn1.num_batches_tracked pretrained model pretrained_models/hrnet_w18_small_model_v1.pth
2022-03-27 14:20:12,723 => loading stage2.0.branches.1.0.conv2.weight pretrained model pretrained_models/hrnet_w18_small_model_v1.pth
2022-03-27 14:20:12,724 => loading stage2.0.branches.1.0.bn2.weight pretrained model pretrained_models/hrnet_w18_small_model_v1.pth
2022-03-27 14:20:12,724 => loading stage2.0.branches.1.0.bn2.bias pretrained model pretrained_models/hrnet_w18_small_model_v1.pth
2022-03-27 14:20:12,724 => loading stage2.0.branches.1.0.bn2.running_mean pretrained model pretrained_models/hrnet_w18_small_model_v1.pth
2022-03-27 14:20:12,724 => loading stage2.0.branches.1.0.bn2.running_var pretrained model pretrained_models/hrnet_w18_small_model_v1.pth
2022-03-27 14:20:12,724 => loading stage2.0.branches.1.0.bn2.num_batches_tracked pretrained model pretrained_models/hrnet_w18_small_model_v1.pth
2022-03-27 14:20:12,724 => loading stage2.0.branches.1.1.conv1.weight pretrained model pretrained_models/hrnet_w18_small_model_v1.pth
2022-03-27 14:20:12,724 => loading stage2.0.branches.1.1.bn1.weight pretrained model pretrained_models/hrnet_w18_small_model_v1.pth
2022-03-27 14:20:12,725 => loading stage2.0.branches.1.1.bn1.bias pretrained model pretrained_models/hrnet_w18_small_model_v1.pth
2022-03-27 14:20:12,725 => loading stage2.0.branches.1.1.bn1.running_mean pretrained model pretrained_models/hrnet_w18_small_model_v1.pth
2022-03-27 14:20:12,725 => loading stage2.0.branches.1.1.bn1.running_var pretrained model pretrained_models/hrnet_w18_small_model_v1.pth
2022-03-27 14:20:12,725 => loading stage2.0.branches.1.1.bn1.num_batches_tracked pretrained model pretrained_models/hrnet_w18_small_model_v1.pth
2022-03-27 14:20:12,725 => loading stage2.0.branches.1.1.conv2.weight pretrained model pretrained_models/hrnet_w18_small_model_v1.pth
2022-03-27 14:20:12,725 => loading stage2.0.branches.1.1.bn2.weight pretrained model pretrained_models/hrnet_w18_small_model_v1.pth
2022-03-27 14:20:12,725 => loading stage2.0.branches.1.1.bn2.bias pretrained model pretrained_models/hrnet_w18_small_model_v1.pth
2022-03-27 14:20:12,725 => loading stage2.0.branches.1.1.bn2.running_mean pretrained model pretrained_models/hrnet_w18_small_model_v1.pth
2022-03-27 14:20:12,726 => loading stage2.0.branches.1.1.bn2.running_var pretrained model pretrained_models/hrnet_w18_small_model_v1.pth
2022-03-27 14:20:12,726 => loading stage2.0.branches.1.1.bn2.num_batches_tracked pretrained model pretrained_models/hrnet_w18_small_model_v1.pth
2022-03-27 14:20:12,726 => loading stage2.0.fuse_layers.0.1.0.weight pretrained model pretrained_models/hrnet_w18_small_model_v1.pth
2022-03-27 14:20:12,726 => loading stage2.0.fuse_layers.0.1.1.weight pretrained model pretrained_models/hrnet_w18_small_model_v1.pth
2022-03-27 14:20:12,726 => loading stage2.0.fuse_layers.0.1.1.bias pretrained model pretrained_models/hrnet_w18_small_model_v1.pth
2022-03-27 14:20:12,726 => loading stage2.0.fuse_layers.0.1.1.running_mean pretrained model pretrained_models/hrnet_w18_small_model_v1.pth
2022-03-27 14:20:12,726 => loading stage2.0.fuse_layers.0.1.1.running_var pretrained model pretrained_models/hrnet_w18_small_model_v1.pth
2022-03-27 14:20:12,727 => loading stage2.0.fuse_layers.0.1.1.num_batches_tracked pretrained model pretrained_models/hrnet_w18_small_model_v1.pth
2022-03-27 14:20:12,727 => loading stage2.0.fuse_layers.1.0.0.0.weight pretrained model pretrained_models/hrnet_w18_small_model_v1.pth
2022-03-27 14:20:12,727 => loading stage2.0.fuse_layers.1.0.0.1.weight pretrained model pretrained_models/hrnet_w18_small_model_v1.pth
2022-03-27 14:20:12,727 => loading stage2.0.fuse_layers.1.0.0.1.bias pretrained model pretrained_models/hrnet_w18_small_model_v1.pth
2022-03-27 14:20:12,727 => loading stage2.0.fuse_layers.1.0.0.1.running_mean pretrained model pretrained_models/hrnet_w18_small_model_v1.pth
2022-03-27 14:20:12,727 => loading stage2.0.fuse_layers.1.0.0.1.running_var pretrained model pretrained_models/hrnet_w18_small_model_v1.pth
2022-03-27 14:20:12,727 => loading stage2.0.fuse_layers.1.0.0.1.num_batches_tracked pretrained model pretrained_models/hrnet_w18_small_model_v1.pth
2022-03-27 14:20:12,727 => loading transition2.2.0.0.weight pretrained model pretrained_models/hrnet_w18_small_model_v1.pth
2022-03-27 14:20:12,728 => loading transition2.2.0.1.weight pretrained model pretrained_models/hrnet_w18_small_model_v1.pth
2022-03-27 14:20:12,728 => loading transition2.2.0.1.bias pretrained model pretrained_models/hrnet_w18_small_model_v1.pth
2022-03-27 14:20:12,728 => loading transition2.2.0.1.running_mean pretrained model pretrained_models/hrnet_w18_small_model_v1.pth
2022-03-27 14:20:12,728 => loading transition2.2.0.1.running_var pretrained model pretrained_models/hrnet_w18_small_model_v1.pth
2022-03-27 14:20:12,728 => loading transition2.2.0.1.num_batches_tracked pretrained model pretrained_models/hrnet_w18_small_model_v1.pth
2022-03-27 14:20:12,728 => loading stage3.0.branches.0.0.conv1.weight pretrained model pretrained_models/hrnet_w18_small_model_v1.pth
2022-03-27 14:20:12,728 => loading stage3.0.branches.0.0.bn1.weight pretrained model pretrained_models/hrnet_w18_small_model_v1.pth
2022-03-27 14:20:12,729 => loading stage3.0.branches.0.0.bn1.bias pretrained model pretrained_models/hrnet_w18_small_model_v1.pth
2022-03-27 14:20:12,729 => loading stage3.0.branches.0.0.bn1.running_mean pretrained model pretrained_models/hrnet_w18_small_model_v1.pth
2022-03-27 14:20:12,729 => loading stage3.0.branches.0.0.bn1.running_var pretrained model pretrained_models/hrnet_w18_small_model_v1.pth
2022-03-27 14:20:12,729 => loading stage3.0.branches.0.0.bn1.num_batches_tracked pretrained model pretrained_models/hrnet_w18_small_model_v1.pth
2022-03-27 14:20:12,729 => loading stage3.0.branches.0.0.conv2.weight pretrained model pretrained_models/hrnet_w18_small_model_v1.pth
2022-03-27 14:20:12,729 => loading stage3.0.branches.0.0.bn2.weight pretrained model pretrained_models/hrnet_w18_small_model_v1.pth
2022-03-27 14:20:12,729 => loading stage3.0.branches.0.0.bn2.bias pretrained model pretrained_models/hrnet_w18_small_model_v1.pth
2022-03-27 14:20:12,729 => loading stage3.0.branches.0.0.bn2.running_mean pretrained model pretrained_models/hrnet_w18_small_model_v1.pth
2022-03-27 14:20:12,730 => loading stage3.0.branches.0.0.bn2.running_var pretrained model pretrained_models/hrnet_w18_small_model_v1.pth
2022-03-27 14:20:12,730 => loading stage3.0.branches.0.0.bn2.num_batches_tracked pretrained model pretrained_models/hrnet_w18_small_model_v1.pth
2022-03-27 14:20:12,730 => loading stage3.0.branches.0.1.conv1.weight pretrained model pretrained_models/hrnet_w18_small_model_v1.pth
2022-03-27 14:20:12,730 => loading stage3.0.branches.0.1.bn1.weight pretrained model pretrained_models/hrnet_w18_small_model_v1.pth
2022-03-27 14:20:12,730 => loading stage3.0.branches.0.1.bn1.bias pretrained model pretrained_models/hrnet_w18_small_model_v1.pth
2022-03-27 14:20:12,730 => loading stage3.0.branches.0.1.bn1.running_mean pretrained model pretrained_models/hrnet_w18_small_model_v1.pth
2022-03-27 14:20:12,730 => loading stage3.0.branches.0.1.bn1.running_var pretrained model pretrained_models/hrnet_w18_small_model_v1.pth
2022-03-27 14:20:12,731 => loading stage3.0.branches.0.1.bn1.num_batches_tracked pretrained model pretrained_models/hrnet_w18_small_model_v1.pth
2022-03-27 14:20:12,731 => loading stage3.0.branches.0.1.conv2.weight pretrained model pretrained_models/hrnet_w18_small_model_v1.pth
2022-03-27 14:20:12,731 => loading stage3.0.branches.0.1.bn2.weight pretrained model pretrained_models/hrnet_w18_small_model_v1.pth
2022-03-27 14:20:12,731 => loading stage3.0.branches.0.1.bn2.bias pretrained model pretrained_models/hrnet_w18_small_model_v1.pth
2022-03-27 14:20:12,731 => loading stage3.0.branches.0.1.bn2.running_mean pretrained model pretrained_models/hrnet_w18_small_model_v1.pth
2022-03-27 14:20:12,731 => loading stage3.0.branches.0.1.bn2.running_var pretrained model pretrained_models/hrnet_w18_small_model_v1.pth
2022-03-27 14:20:12,731 => loading stage3.0.branches.0.1.bn2.num_batches_tracked pretrained model pretrained_models/hrnet_w18_small_model_v1.pth
2022-03-27 14:20:12,731 => loading stage3.0.branches.1.0.conv1.weight pretrained model pretrained_models/hrnet_w18_small_model_v1.pth
2022-03-27 14:20:12,732 => loading stage3.0.branches.1.0.bn1.weight pretrained model pretrained_models/hrnet_w18_small_model_v1.pth
2022-03-27 14:20:12,732 => loading stage3.0.branches.1.0.bn1.bias pretrained model pretrained_models/hrnet_w18_small_model_v1.pth
2022-03-27 14:20:12,732 => loading stage3.0.branches.1.0.bn1.running_mean pretrained model pretrained_models/hrnet_w18_small_model_v1.pth
2022-03-27 14:20:12,732 => loading stage3.0.branches.1.0.bn1.running_var pretrained model pretrained_models/hrnet_w18_small_model_v1.pth
2022-03-27 14:20:12,732 => loading stage3.0.branches.1.0.bn1.num_batches_tracked pretrained model pretrained_models/hrnet_w18_small_model_v1.pth
2022-03-27 14:20:12,732 => loading stage3.0.branches.1.0.conv2.weight pretrained model pretrained_models/hrnet_w18_small_model_v1.pth
2022-03-27 14:20:12,732 => loading stage3.0.branches.1.0.bn2.weight pretrained model pretrained_models/hrnet_w18_small_model_v1.pth
2022-03-27 14:20:12,733 => loading stage3.0.branches.1.0.bn2.bias pretrained model pretrained_models/hrnet_w18_small_model_v1.pth
2022-03-27 14:20:12,733 => loading stage3.0.branches.1.0.bn2.running_mean pretrained model pretrained_models/hrnet_w18_small_model_v1.pth
2022-03-27 14:20:12,733 => loading stage3.0.branches.1.0.bn2.running_var pretrained model pretrained_models/hrnet_w18_small_model_v1.pth
2022-03-27 14:20:12,733 => loading stage3.0.branches.1.0.bn2.num_batches_tracked pretrained model pretrained_models/hrnet_w18_small_model_v1.pth
2022-03-27 14:20:12,733 => loading stage3.0.branches.1.1.conv1.weight pretrained model pretrained_models/hrnet_w18_small_model_v1.pth
2022-03-27 14:20:12,733 => loading stage3.0.branches.1.1.bn1.weight pretrained model pretrained_models/hrnet_w18_small_model_v1.pth
2022-03-27 14:20:12,733 => loading stage3.0.branches.1.1.bn1.bias pretrained model pretrained_models/hrnet_w18_small_model_v1.pth
2022-03-27 14:20:12,733 => loading stage3.0.branches.1.1.bn1.running_mean pretrained model pretrained_models/hrnet_w18_small_model_v1.pth
2022-03-27 14:20:12,734 => loading stage3.0.branches.1.1.bn1.running_var pretrained model pretrained_models/hrnet_w18_small_model_v1.pth
2022-03-27 14:20:12,734 => loading stage3.0.branches.1.1.bn1.num_batches_tracked pretrained model pretrained_models/hrnet_w18_small_model_v1.pth
2022-03-27 14:20:12,734 => loading stage3.0.branches.1.1.conv2.weight pretrained model pretrained_models/hrnet_w18_small_model_v1.pth
2022-03-27 14:20:12,734 => loading stage3.0.branches.1.1.bn2.weight pretrained model pretrained_models/hrnet_w18_small_model_v1.pth
2022-03-27 14:20:12,734 => loading stage3.0.branches.1.1.bn2.bias pretrained model pretrained_models/hrnet_w18_small_model_v1.pth
2022-03-27 14:20:12,734 => loading stage3.0.branches.1.1.bn2.running_mean pretrained model pretrained_models/hrnet_w18_small_model_v1.pth
2022-03-27 14:20:12,734 => loading stage3.0.branches.1.1.bn2.running_var pretrained model pretrained_models/hrnet_w18_small_model_v1.pth
2022-03-27 14:20:12,734 => loading stage3.0.branches.1.1.bn2.num_batches_tracked pretrained model pretrained_models/hrnet_w18_small_model_v1.pth
2022-03-27 14:20:12,735 => loading stage3.0.branches.2.0.conv1.weight pretrained model pretrained_models/hrnet_w18_small_model_v1.pth
2022-03-27 14:20:12,735 => loading stage3.0.branches.2.0.bn1.weight pretrained model pretrained_models/hrnet_w18_small_model_v1.pth
2022-03-27 14:20:12,735 => loading stage3.0.branches.2.0.bn1.bias pretrained model pretrained_models/hrnet_w18_small_model_v1.pth
2022-03-27 14:20:12,735 => loading stage3.0.branches.2.0.bn1.running_mean pretrained model pretrained_models/hrnet_w18_small_model_v1.pth
2022-03-27 14:20:12,735 => loading stage3.0.branches.2.0.bn1.running_var pretrained model pretrained_models/hrnet_w18_small_model_v1.pth
2022-03-27 14:20:12,735 => loading stage3.0.branches.2.0.bn1.num_batches_tracked pretrained model pretrained_models/hrnet_w18_small_model_v1.pth
2022-03-27 14:20:12,735 => loading stage3.0.branches.2.0.conv2.weight pretrained model pretrained_models/hrnet_w18_small_model_v1.pth
2022-03-27 14:20:12,735 => loading stage3.0.branches.2.0.bn2.weight pretrained model pretrained_models/hrnet_w18_small_model_v1.pth
2022-03-27 14:20:12,736 => loading stage3.0.branches.2.0.bn2.bias pretrained model pretrained_models/hrnet_w18_small_model_v1.pth
2022-03-27 14:20:12,736 => loading stage3.0.branches.2.0.bn2.running_mean pretrained model pretrained_models/hrnet_w18_small_model_v1.pth
2022-03-27 14:20:12,736 => loading stage3.0.branches.2.0.bn2.running_var pretrained model pretrained_models/hrnet_w18_small_model_v1.pth
2022-03-27 14:20:12,736 => loading stage3.0.branches.2.0.bn2.num_batches_tracked pretrained model pretrained_models/hrnet_w18_small_model_v1.pth
2022-03-27 14:20:12,736 => loading stage3.0.branches.2.1.conv1.weight pretrained model pretrained_models/hrnet_w18_small_model_v1.pth
2022-03-27 14:20:12,736 => loading stage3.0.branches.2.1.bn1.weight pretrained model pretrained_models/hrnet_w18_small_model_v1.pth
2022-03-27 14:20:12,736 => loading stage3.0.branches.2.1.bn1.bias pretrained model pretrained_models/hrnet_w18_small_model_v1.pth
2022-03-27 14:20:12,736 => loading stage3.0.branches.2.1.bn1.running_mean pretrained model pretrained_models/hrnet_w18_small_model_v1.pth
2022-03-27 14:20:12,737 => loading stage3.0.branches.2.1.bn1.running_var pretrained model pretrained_models/hrnet_w18_small_model_v1.pth
2022-03-27 14:20:12,737 => loading stage3.0.branches.2.1.bn1.num_batches_tracked pretrained model pretrained_models/hrnet_w18_small_model_v1.pth
2022-03-27 14:20:12,737 => loading stage3.0.branches.2.1.conv2.weight pretrained model pretrained_models/hrnet_w18_small_model_v1.pth
2022-03-27 14:20:12,737 => loading stage3.0.branches.2.1.bn2.weight pretrained model pretrained_models/hrnet_w18_small_model_v1.pth
2022-03-27 14:20:12,737 => loading stage3.0.branches.2.1.bn2.bias pretrained model pretrained_models/hrnet_w18_small_model_v1.pth
2022-03-27 14:20:12,737 => loading stage3.0.branches.2.1.bn2.running_mean pretrained model pretrained_models/hrnet_w18_small_model_v1.pth
2022-03-27 14:20:12,737 => loading stage3.0.branches.2.1.bn2.running_var pretrained model pretrained_models/hrnet_w18_small_model_v1.pth
2022-03-27 14:20:12,738 => loading stage3.0.branches.2.1.bn2.num_batches_tracked pretrained model pretrained_models/hrnet_w18_small_model_v1.pth
2022-03-27 14:20:12,738 => loading stage3.0.fuse_layers.0.1.0.weight pretrained model pretrained_models/hrnet_w18_small_model_v1.pth
2022-03-27 14:20:12,738 => loading stage3.0.fuse_layers.0.1.1.weight pretrained model pretrained_models/hrnet_w18_small_model_v1.pth
2022-03-27 14:20:12,738 => loading stage3.0.fuse_layers.0.1.1.bias pretrained model pretrained_models/hrnet_w18_small_model_v1.pth
2022-03-27 14:20:12,738 => loading stage3.0.fuse_layers.0.1.1.running_mean pretrained model pretrained_models/hrnet_w18_small_model_v1.pth
2022-03-27 14:20:12,738 => loading stage3.0.fuse_layers.0.1.1.running_var pretrained model pretrained_models/hrnet_w18_small_model_v1.pth
2022-03-27 14:20:12,738 => loading stage3.0.fuse_layers.0.1.1.num_batches_tracked pretrained model pretrained_models/hrnet_w18_small_model_v1.pth
2022-03-27 14:20:12,739 => loading stage3.0.fuse_layers.0.2.0.weight pretrained model pretrained_models/hrnet_w18_small_model_v1.pth
2022-03-27 14:20:12,739 => loading stage3.0.fuse_layers.0.2.1.weight pretrained model pretrained_models/hrnet_w18_small_model_v1.pth
2022-03-27 14:20:12,739 => loading stage3.0.fuse_layers.0.2.1.bias pretrained model pretrained_models/hrnet_w18_small_model_v1.pth
2022-03-27 14:20:12,739 => loading stage3.0.fuse_layers.0.2.1.running_mean pretrained model pretrained_models/hrnet_w18_small_model_v1.pth
2022-03-27 14:20:12,739 => loading stage3.0.fuse_layers.0.2.1.running_var pretrained model pretrained_models/hrnet_w18_small_model_v1.pth
2022-03-27 14:20:12,739 => loading stage3.0.fuse_layers.0.2.1.num_batches_tracked pretrained model pretrained_models/hrnet_w18_small_model_v1.pth
2022-03-27 14:20:12,739 => loading stage3.0.fuse_layers.1.0.0.0.weight pretrained model pretrained_models/hrnet_w18_small_model_v1.pth
2022-03-27 14:20:12,739 => loading stage3.0.fuse_layers.1.0.0.1.weight pretrained model pretrained_models/hrnet_w18_small_model_v1.pth
2022-03-27 14:20:12,740 => loading stage3.0.fuse_layers.1.0.0.1.bias pretrained model pretrained_models/hrnet_w18_small_model_v1.pth
2022-03-27 14:20:12,740 => loading stage3.0.fuse_layers.1.0.0.1.running_mean pretrained model pretrained_models/hrnet_w18_small_model_v1.pth
2022-03-27 14:20:12,740 => loading stage3.0.fuse_layers.1.0.0.1.running_var pretrained model pretrained_models/hrnet_w18_small_model_v1.pth
2022-03-27 14:20:12,740 => loading stage3.0.fuse_layers.1.0.0.1.num_batches_tracked pretrained model pretrained_models/hrnet_w18_small_model_v1.pth
2022-03-27 14:20:12,740 => loading stage3.0.fuse_layers.1.2.0.weight pretrained model pretrained_models/hrnet_w18_small_model_v1.pth
2022-03-27 14:20:12,740 => loading stage3.0.fuse_layers.1.2.1.weight pretrained model pretrained_models/hrnet_w18_small_model_v1.pth
2022-03-27 14:20:12,740 => loading stage3.0.fuse_layers.1.2.1.bias pretrained model pretrained_models/hrnet_w18_small_model_v1.pth
2022-03-27 14:20:12,741 => loading stage3.0.fuse_layers.1.2.1.running_mean pretrained model pretrained_models/hrnet_w18_small_model_v1.pth
2022-03-27 14:20:12,741 => loading stage3.0.fuse_layers.1.2.1.running_var pretrained model pretrained_models/hrnet_w18_small_model_v1.pth
2022-03-27 14:20:12,741 => loading stage3.0.fuse_layers.1.2.1.num_batches_tracked pretrained model pretrained_models/hrnet_w18_small_model_v1.pth
2022-03-27 14:20:12,741 => loading stage3.0.fuse_layers.2.0.0.0.weight pretrained model pretrained_models/hrnet_w18_small_model_v1.pth
2022-03-27 14:20:12,741 => loading stage3.0.fuse_layers.2.0.0.1.weight pretrained model pretrained_models/hrnet_w18_small_model_v1.pth
2022-03-27 14:20:12,741 => loading stage3.0.fuse_layers.2.0.0.1.bias pretrained model pretrained_models/hrnet_w18_small_model_v1.pth
2022-03-27 14:20:12,741 => loading stage3.0.fuse_layers.2.0.0.1.running_mean pretrained model pretrained_models/hrnet_w18_small_model_v1.pth
2022-03-27 14:20:12,741 => loading stage3.0.fuse_layers.2.0.0.1.running_var pretrained model pretrained_models/hrnet_w18_small_model_v1.pth
2022-03-27 14:20:12,742 => loading stage3.0.fuse_layers.2.0.0.1.num_batches_tracked pretrained model pretrained_models/hrnet_w18_small_model_v1.pth
2022-03-27 14:20:12,742 => loading stage3.0.fuse_layers.2.0.1.0.weight pretrained model pretrained_models/hrnet_w18_small_model_v1.pth
2022-03-27 14:20:12,742 => loading stage3.0.fuse_layers.2.0.1.1.weight pretrained model pretrained_models/hrnet_w18_small_model_v1.pth
2022-03-27 14:20:12,742 => loading stage3.0.fuse_layers.2.0.1.1.bias pretrained model pretrained_models/hrnet_w18_small_model_v1.pth
2022-03-27 14:20:12,742 => loading stage3.0.fuse_layers.2.0.1.1.running_mean pretrained model pretrained_models/hrnet_w18_small_model_v1.pth
2022-03-27 14:20:12,742 => loading stage3.0.fuse_layers.2.0.1.1.running_var pretrained model pretrained_models/hrnet_w18_small_model_v1.pth
2022-03-27 14:20:12,742 => loading stage3.0.fuse_layers.2.0.1.1.num_batches_tracked pretrained model pretrained_models/hrnet_w18_small_model_v1.pth
2022-03-27 14:20:12,742 => loading stage3.0.fuse_layers.2.1.0.0.weight pretrained model pretrained_models/hrnet_w18_small_model_v1.pth
2022-03-27 14:20:12,743 => loading stage3.0.fuse_layers.2.1.0.1.weight pretrained model pretrained_models/hrnet_w18_small_model_v1.pth
2022-03-27 14:20:12,743 => loading stage3.0.fuse_layers.2.1.0.1.bias pretrained model pretrained_models/hrnet_w18_small_model_v1.pth
2022-03-27 14:20:12,743 => loading stage3.0.fuse_layers.2.1.0.1.running_mean pretrained model pretrained_models/hrnet_w18_small_model_v1.pth
2022-03-27 14:20:12,743 => loading stage3.0.fuse_layers.2.1.0.1.running_var pretrained model pretrained_models/hrnet_w18_small_model_v1.pth
2022-03-27 14:20:12,743 => loading stage3.0.fuse_layers.2.1.0.1.num_batches_tracked pretrained model pretrained_models/hrnet_w18_small_model_v1.pth
2022-03-27 14:20:12,743 => loading transition3.3.0.0.weight pretrained model pretrained_models/hrnet_w18_small_model_v1.pth
2022-03-27 14:20:12,744 => loading transition3.3.0.1.weight pretrained model pretrained_models/hrnet_w18_small_model_v1.pth
2022-03-27 14:20:12,744 => loading transition3.3.0.1.bias pretrained model pretrained_models/hrnet_w18_small_model_v1.pth
2022-03-27 14:20:12,744 => loading transition3.3.0.1.running_mean pretrained model pretrained_models/hrnet_w18_small_model_v1.pth
2022-03-27 14:20:12,744 => loading transition3.3.0.1.running_var pretrained model pretrained_models/hrnet_w18_small_model_v1.pth
2022-03-27 14:20:12,744 => loading transition3.3.0.1.num_batches_tracked pretrained model pretrained_models/hrnet_w18_small_model_v1.pth
2022-03-27 14:20:12,744 => loading stage4.0.branches.0.0.conv1.weight pretrained model pretrained_models/hrnet_w18_small_model_v1.pth
2022-03-27 14:20:12,744 => loading stage4.0.branches.0.0.bn1.weight pretrained model pretrained_models/hrnet_w18_small_model_v1.pth
2022-03-27 14:20:12,744 => loading stage4.0.branches.0.0.bn1.bias pretrained model pretrained_models/hrnet_w18_small_model_v1.pth
2022-03-27 14:20:12,744 => loading stage4.0.branches.0.0.bn1.running_mean pretrained model pretrained_models/hrnet_w18_small_model_v1.pth
2022-03-27 14:20:12,745 => loading stage4.0.branches.0.0.bn1.running_var pretrained model pretrained_models/hrnet_w18_small_model_v1.pth
2022-03-27 14:20:12,745 => loading stage4.0.branches.0.0.bn1.num_batches_tracked pretrained model pretrained_models/hrnet_w18_small_model_v1.pth
2022-03-27 14:20:12,745 => loading stage4.0.branches.0.0.conv2.weight pretrained model pretrained_models/hrnet_w18_small_model_v1.pth
2022-03-27 14:20:12,745 => loading stage4.0.branches.0.0.bn2.weight pretrained model pretrained_models/hrnet_w18_small_model_v1.pth
2022-03-27 14:20:12,745 => loading stage4.0.branches.0.0.bn2.bias pretrained model pretrained_models/hrnet_w18_small_model_v1.pth
2022-03-27 14:20:12,745 => loading stage4.0.branches.0.0.bn2.running_mean pretrained model pretrained_models/hrnet_w18_small_model_v1.pth
2022-03-27 14:20:12,746 => loading stage4.0.branches.0.0.bn2.running_var pretrained model pretrained_models/hrnet_w18_small_model_v1.pth
2022-03-27 14:20:12,746 => loading stage4.0.branches.0.0.bn2.num_batches_tracked pretrained model pretrained_models/hrnet_w18_small_model_v1.pth
2022-03-27 14:20:12,746 => loading stage4.0.branches.0.1.conv1.weight pretrained model pretrained_models/hrnet_w18_small_model_v1.pth
2022-03-27 14:20:12,746 => loading stage4.0.branches.0.1.bn1.weight pretrained model pretrained_models/hrnet_w18_small_model_v1.pth
2022-03-27 14:20:12,746 => loading stage4.0.branches.0.1.bn1.bias pretrained model pretrained_models/hrnet_w18_small_model_v1.pth
2022-03-27 14:20:12,746 => loading stage4.0.branches.0.1.bn1.running_mean pretrained model pretrained_models/hrnet_w18_small_model_v1.pth
2022-03-27 14:20:12,746 => loading stage4.0.branches.0.1.bn1.running_var pretrained model pretrained_models/hrnet_w18_small_model_v1.pth
2022-03-27 14:20:12,747 => loading stage4.0.branches.0.1.bn1.num_batches_tracked pretrained model pretrained_models/hrnet_w18_small_model_v1.pth
2022-03-27 14:20:12,747 => loading stage4.0.branches.0.1.conv2.weight pretrained model pretrained_models/hrnet_w18_small_model_v1.pth
2022-03-27 14:20:12,747 => loading stage4.0.branches.0.1.bn2.weight pretrained model pretrained_models/hrnet_w18_small_model_v1.pth
2022-03-27 14:20:12,747 => loading stage4.0.branches.0.1.bn2.bias pretrained model pretrained_models/hrnet_w18_small_model_v1.pth
2022-03-27 14:20:12,747 => loading stage4.0.branches.0.1.bn2.running_mean pretrained model pretrained_models/hrnet_w18_small_model_v1.pth
2022-03-27 14:20:12,747 => loading stage4.0.branches.0.1.bn2.running_var pretrained model pretrained_models/hrnet_w18_small_model_v1.pth
2022-03-27 14:20:12,747 => loading stage4.0.branches.0.1.bn2.num_batches_tracked pretrained model pretrained_models/hrnet_w18_small_model_v1.pth
2022-03-27 14:20:12,747 => loading stage4.0.branches.1.0.conv1.weight pretrained model pretrained_models/hrnet_w18_small_model_v1.pth
2022-03-27 14:20:12,748 => loading stage4.0.branches.1.0.bn1.weight pretrained model pretrained_models/hrnet_w18_small_model_v1.pth
2022-03-27 14:20:12,748 => loading stage4.0.branches.1.0.bn1.bias pretrained model pretrained_models/hrnet_w18_small_model_v1.pth
2022-03-27 14:20:12,748 => loading stage4.0.branches.1.0.bn1.running_mean pretrained model pretrained_models/hrnet_w18_small_model_v1.pth
2022-03-27 14:20:12,748 => loading stage4.0.branches.1.0.bn1.running_var pretrained model pretrained_models/hrnet_w18_small_model_v1.pth
2022-03-27 14:20:12,748 => loading stage4.0.branches.1.0.bn1.num_batches_tracked pretrained model pretrained_models/hrnet_w18_small_model_v1.pth
2022-03-27 14:20:12,748 => loading stage4.0.branches.1.0.conv2.weight pretrained model pretrained_models/hrnet_w18_small_model_v1.pth
2022-03-27 14:20:12,748 => loading stage4.0.branches.1.0.bn2.weight pretrained model pretrained_models/hrnet_w18_small_model_v1.pth
2022-03-27 14:20:12,748 => loading stage4.0.branches.1.0.bn2.bias pretrained model pretrained_models/hrnet_w18_small_model_v1.pth
2022-03-27 14:20:12,749 => loading stage4.0.branches.1.0.bn2.running_mean pretrained model pretrained_models/hrnet_w18_small_model_v1.pth
2022-03-27 14:20:12,749 => loading stage4.0.branches.1.0.bn2.running_var pretrained model pretrained_models/hrnet_w18_small_model_v1.pth
2022-03-27 14:20:12,749 => loading stage4.0.branches.1.0.bn2.num_batches_tracked pretrained model pretrained_models/hrnet_w18_small_model_v1.pth
2022-03-27 14:20:12,749 => loading stage4.0.branches.1.1.conv1.weight pretrained model pretrained_models/hrnet_w18_small_model_v1.pth
2022-03-27 14:20:12,749 => loading stage4.0.branches.1.1.bn1.weight pretrained model pretrained_models/hrnet_w18_small_model_v1.pth
2022-03-27 14:20:12,749 => loading stage4.0.branches.1.1.bn1.bias pretrained model pretrained_models/hrnet_w18_small_model_v1.pth
2022-03-27 14:20:12,749 => loading stage4.0.branches.1.1.bn1.running_mean pretrained model pretrained_models/hrnet_w18_small_model_v1.pth
2022-03-27 14:20:12,749 => loading stage4.0.branches.1.1.bn1.running_var pretrained model pretrained_models/hrnet_w18_small_model_v1.pth
2022-03-27 14:20:12,750 => loading stage4.0.branches.1.1.bn1.num_batches_tracked pretrained model pretrained_models/hrnet_w18_small_model_v1.pth
2022-03-27 14:20:12,750 => loading stage4.0.branches.1.1.conv2.weight pretrained model pretrained_models/hrnet_w18_small_model_v1.pth
2022-03-27 14:20:12,750 => loading stage4.0.branches.1.1.bn2.weight pretrained model pretrained_models/hrnet_w18_small_model_v1.pth
2022-03-27 14:20:12,750 => loading stage4.0.branches.1.1.bn2.bias pretrained model pretrained_models/hrnet_w18_small_model_v1.pth
2022-03-27 14:20:12,750 => loading stage4.0.branches.1.1.bn2.running_mean pretrained model pretrained_models/hrnet_w18_small_model_v1.pth
2022-03-27 14:20:12,750 => loading stage4.0.branches.1.1.bn2.running_var pretrained model pretrained_models/hrnet_w18_small_model_v1.pth
2022-03-27 14:20:12,750 => loading stage4.0.branches.1.1.bn2.num_batches_tracked pretrained model pretrained_models/hrnet_w18_small_model_v1.pth
2022-03-27 14:20:12,751 => loading stage4.0.branches.2.0.conv1.weight pretrained model pretrained_models/hrnet_w18_small_model_v1.pth
2022-03-27 14:20:12,751 => loading stage4.0.branches.2.0.bn1.weight pretrained model pretrained_models/hrnet_w18_small_model_v1.pth
2022-03-27 14:20:12,751 => loading stage4.0.branches.2.0.bn1.bias pretrained model pretrained_models/hrnet_w18_small_model_v1.pth
2022-03-27 14:20:12,751 => loading stage4.0.branches.2.0.bn1.running_mean pretrained model pretrained_models/hrnet_w18_small_model_v1.pth
2022-03-27 14:20:12,751 => loading stage4.0.branches.2.0.bn1.running_var pretrained model pretrained_models/hrnet_w18_small_model_v1.pth
2022-03-27 14:20:12,751 => loading stage4.0.branches.2.0.bn1.num_batches_tracked pretrained model pretrained_models/hrnet_w18_small_model_v1.pth
2022-03-27 14:20:12,751 => loading stage4.0.branches.2.0.conv2.weight pretrained model pretrained_models/hrnet_w18_small_model_v1.pth
2022-03-27 14:20:12,751 => loading stage4.0.branches.2.0.bn2.weight pretrained model pretrained_models/hrnet_w18_small_model_v1.pth
2022-03-27 14:20:12,752 => loading stage4.0.branches.2.0.bn2.bias pretrained model pretrained_models/hrnet_w18_small_model_v1.pth
2022-03-27 14:20:12,752 => loading stage4.0.branches.2.0.bn2.running_mean pretrained model pretrained_models/hrnet_w18_small_model_v1.pth
2022-03-27 14:20:12,752 => loading stage4.0.branches.2.0.bn2.running_var pretrained model pretrained_models/hrnet_w18_small_model_v1.pth
2022-03-27 14:20:12,752 => loading stage4.0.branches.2.0.bn2.num_batches_tracked pretrained model pretrained_models/hrnet_w18_small_model_v1.pth
2022-03-27 14:20:12,752 => loading stage4.0.branches.2.1.conv1.weight pretrained model pretrained_models/hrnet_w18_small_model_v1.pth
2022-03-27 14:20:12,752 => loading stage4.0.branches.2.1.bn1.weight pretrained model pretrained_models/hrnet_w18_small_model_v1.pth
2022-03-27 14:20:12,752 => loading stage4.0.branches.2.1.bn1.bias pretrained model pretrained_models/hrnet_w18_small_model_v1.pth
2022-03-27 14:20:12,753 => loading stage4.0.branches.2.1.bn1.running_mean pretrained model pretrained_models/hrnet_w18_small_model_v1.pth
2022-03-27 14:20:12,753 => loading stage4.0.branches.2.1.bn1.running_var pretrained model pretrained_models/hrnet_w18_small_model_v1.pth
2022-03-27 14:20:12,753 => loading stage4.0.branches.2.1.bn1.num_batches_tracked pretrained model pretrained_models/hrnet_w18_small_model_v1.pth
2022-03-27 14:20:12,753 => loading stage4.0.branches.2.1.conv2.weight pretrained model pretrained_models/hrnet_w18_small_model_v1.pth
2022-03-27 14:20:12,753 => loading stage4.0.branches.2.1.bn2.weight pretrained model pretrained_models/hrnet_w18_small_model_v1.pth
2022-03-27 14:20:12,753 => loading stage4.0.branches.2.1.bn2.bias pretrained model pretrained_models/hrnet_w18_small_model_v1.pth
2022-03-27 14:20:12,753 => loading stage4.0.branches.2.1.bn2.running_mean pretrained model pretrained_models/hrnet_w18_small_model_v1.pth
2022-03-27 14:20:12,753 => loading stage4.0.branches.2.1.bn2.running_var pretrained model pretrained_models/hrnet_w18_small_model_v1.pth
2022-03-27 14:20:12,754 => loading stage4.0.branches.2.1.bn2.num_batches_tracked pretrained model pretrained_models/hrnet_w18_small_model_v1.pth
2022-03-27 14:20:12,754 => loading stage4.0.branches.3.0.conv1.weight pretrained model pretrained_models/hrnet_w18_small_model_v1.pth
2022-03-27 14:20:12,754 => loading stage4.0.branches.3.0.bn1.weight pretrained model pretrained_models/hrnet_w18_small_model_v1.pth
2022-03-27 14:20:12,754 => loading stage4.0.branches.3.0.bn1.bias pretrained model pretrained_models/hrnet_w18_small_model_v1.pth
2022-03-27 14:20:12,754 => loading stage4.0.branches.3.0.bn1.running_mean pretrained model pretrained_models/hrnet_w18_small_model_v1.pth
2022-03-27 14:20:12,754 => loading stage4.0.branches.3.0.bn1.running_var pretrained model pretrained_models/hrnet_w18_small_model_v1.pth
2022-03-27 14:20:12,754 => loading stage4.0.branches.3.0.bn1.num_batches_tracked pretrained model pretrained_models/hrnet_w18_small_model_v1.pth
2022-03-27 14:20:12,755 => loading stage4.0.branches.3.0.conv2.weight pretrained model pretrained_models/hrnet_w18_small_model_v1.pth
2022-03-27 14:20:12,755 => loading stage4.0.branches.3.0.bn2.weight pretrained model pretrained_models/hrnet_w18_small_model_v1.pth
2022-03-27 14:20:12,755 => loading stage4.0.branches.3.0.bn2.bias pretrained model pretrained_models/hrnet_w18_small_model_v1.pth
2022-03-27 14:20:12,755 => loading stage4.0.branches.3.0.bn2.running_mean pretrained model pretrained_models/hrnet_w18_small_model_v1.pth
2022-03-27 14:20:12,755 => loading stage4.0.branches.3.0.bn2.running_var pretrained model pretrained_models/hrnet_w18_small_model_v1.pth
2022-03-27 14:20:12,755 => loading stage4.0.branches.3.0.bn2.num_batches_tracked pretrained model pretrained_models/hrnet_w18_small_model_v1.pth
2022-03-27 14:20:12,755 => loading stage4.0.branches.3.1.conv1.weight pretrained model pretrained_models/hrnet_w18_small_model_v1.pth
2022-03-27 14:20:12,756 => loading stage4.0.branches.3.1.bn1.weight pretrained model pretrained_models/hrnet_w18_small_model_v1.pth
2022-03-27 14:20:12,756 => loading stage4.0.branches.3.1.bn1.bias pretrained model pretrained_models/hrnet_w18_small_model_v1.pth
2022-03-27 14:20:12,756 => loading stage4.0.branches.3.1.bn1.running_mean pretrained model pretrained_models/hrnet_w18_small_model_v1.pth
2022-03-27 14:20:12,756 => loading stage4.0.branches.3.1.bn1.running_var pretrained model pretrained_models/hrnet_w18_small_model_v1.pth
2022-03-27 14:20:12,756 => loading stage4.0.branches.3.1.bn1.num_batches_tracked pretrained model pretrained_models/hrnet_w18_small_model_v1.pth
2022-03-27 14:20:12,756 => loading stage4.0.branches.3.1.conv2.weight pretrained model pretrained_models/hrnet_w18_small_model_v1.pth
2022-03-27 14:20:12,756 => loading stage4.0.branches.3.1.bn2.weight pretrained model pretrained_models/hrnet_w18_small_model_v1.pth
2022-03-27 14:20:12,756 => loading stage4.0.branches.3.1.bn2.bias pretrained model pretrained_models/hrnet_w18_small_model_v1.pth
2022-03-27 14:20:12,757 => loading stage4.0.branches.3.1.bn2.running_mean pretrained model pretrained_models/hrnet_w18_small_model_v1.pth
2022-03-27 14:20:12,757 => loading stage4.0.branches.3.1.bn2.running_var pretrained model pretrained_models/hrnet_w18_small_model_v1.pth
2022-03-27 14:20:12,757 => loading stage4.0.branches.3.1.bn2.num_batches_tracked pretrained model pretrained_models/hrnet_w18_small_model_v1.pth
2022-03-27 14:20:12,757 => loading stage4.0.fuse_layers.0.1.0.weight pretrained model pretrained_models/hrnet_w18_small_model_v1.pth
2022-03-27 14:20:12,757 => loading stage4.0.fuse_layers.0.1.1.weight pretrained model pretrained_models/hrnet_w18_small_model_v1.pth
2022-03-27 14:20:12,757 => loading stage4.0.fuse_layers.0.1.1.bias pretrained model pretrained_models/hrnet_w18_small_model_v1.pth
2022-03-27 14:20:12,757 => loading stage4.0.fuse_layers.0.1.1.running_mean pretrained model pretrained_models/hrnet_w18_small_model_v1.pth
2022-03-27 14:20:12,757 => loading stage4.0.fuse_layers.0.1.1.running_var pretrained model pretrained_models/hrnet_w18_small_model_v1.pth
2022-03-27 14:20:12,758 => loading stage4.0.fuse_layers.0.1.1.num_batches_tracked pretrained model pretrained_models/hrnet_w18_small_model_v1.pth
2022-03-27 14:20:12,758 => loading stage4.0.fuse_layers.0.2.0.weight pretrained model pretrained_models/hrnet_w18_small_model_v1.pth
2022-03-27 14:20:12,758 => loading stage4.0.fuse_layers.0.2.1.weight pretrained model pretrained_models/hrnet_w18_small_model_v1.pth
2022-03-27 14:20:12,758 => loading stage4.0.fuse_layers.0.2.1.bias pretrained model pretrained_models/hrnet_w18_small_model_v1.pth
2022-03-27 14:20:12,758 => loading stage4.0.fuse_layers.0.2.1.running_mean pretrained model pretrained_models/hrnet_w18_small_model_v1.pth
2022-03-27 14:20:12,758 => loading stage4.0.fuse_layers.0.2.1.running_var pretrained model pretrained_models/hrnet_w18_small_model_v1.pth
2022-03-27 14:20:12,758 => loading stage4.0.fuse_layers.0.2.1.num_batches_tracked pretrained model pretrained_models/hrnet_w18_small_model_v1.pth
2022-03-27 14:20:12,759 => loading stage4.0.fuse_layers.0.3.0.weight pretrained model pretrained_models/hrnet_w18_small_model_v1.pth
2022-03-27 14:20:12,759 => loading stage4.0.fuse_layers.0.3.1.weight pretrained model pretrained_models/hrnet_w18_small_model_v1.pth
2022-03-27 14:20:12,759 => loading stage4.0.fuse_layers.0.3.1.bias pretrained model pretrained_models/hrnet_w18_small_model_v1.pth
2022-03-27 14:20:12,759 => loading stage4.0.fuse_layers.0.3.1.running_mean pretrained model pretrained_models/hrnet_w18_small_model_v1.pth
2022-03-27 14:20:12,759 => loading stage4.0.fuse_layers.0.3.1.running_var pretrained model pretrained_models/hrnet_w18_small_model_v1.pth
2022-03-27 14:20:12,759 => loading stage4.0.fuse_layers.0.3.1.num_batches_tracked pretrained model pretrained_models/hrnet_w18_small_model_v1.pth
2022-03-27 14:20:12,759 => loading stage4.0.fuse_layers.1.0.0.0.weight pretrained model pretrained_models/hrnet_w18_small_model_v1.pth
2022-03-27 14:20:12,759 => loading stage4.0.fuse_layers.1.0.0.1.weight pretrained model pretrained_models/hrnet_w18_small_model_v1.pth
2022-03-27 14:20:12,760 => loading stage4.0.fuse_layers.1.0.0.1.bias pretrained model pretrained_models/hrnet_w18_small_model_v1.pth
2022-03-27 14:20:12,760 => loading stage4.0.fuse_layers.1.0.0.1.running_mean pretrained model pretrained_models/hrnet_w18_small_model_v1.pth
2022-03-27 14:20:12,760 => loading stage4.0.fuse_layers.1.0.0.1.running_var pretrained model pretrained_models/hrnet_w18_small_model_v1.pth
2022-03-27 14:20:12,760 => loading stage4.0.fuse_layers.1.0.0.1.num_batches_tracked pretrained model pretrained_models/hrnet_w18_small_model_v1.pth
2022-03-27 14:20:12,760 => loading stage4.0.fuse_layers.1.2.0.weight pretrained model pretrained_models/hrnet_w18_small_model_v1.pth
2022-03-27 14:20:12,760 => loading stage4.0.fuse_layers.1.2.1.weight pretrained model pretrained_models/hrnet_w18_small_model_v1.pth
2022-03-27 14:20:12,760 => loading stage4.0.fuse_layers.1.2.1.bias pretrained model pretrained_models/hrnet_w18_small_model_v1.pth
2022-03-27 14:20:12,761 => loading stage4.0.fuse_layers.1.2.1.running_mean pretrained model pretrained_models/hrnet_w18_small_model_v1.pth
2022-03-27 14:20:12,761 => loading stage4.0.fuse_layers.1.2.1.running_var pretrained model pretrained_models/hrnet_w18_small_model_v1.pth
2022-03-27 14:20:12,761 => loading stage4.0.fuse_layers.1.2.1.num_batches_tracked pretrained model pretrained_models/hrnet_w18_small_model_v1.pth
2022-03-27 14:20:12,761 => loading stage4.0.fuse_layers.1.3.0.weight pretrained model pretrained_models/hrnet_w18_small_model_v1.pth
2022-03-27 14:20:12,761 => loading stage4.0.fuse_layers.1.3.1.weight pretrained model pretrained_models/hrnet_w18_small_model_v1.pth
2022-03-27 14:20:12,761 => loading stage4.0.fuse_layers.1.3.1.bias pretrained model pretrained_models/hrnet_w18_small_model_v1.pth
2022-03-27 14:20:12,761 => loading stage4.0.fuse_layers.1.3.1.running_mean pretrained model pretrained_models/hrnet_w18_small_model_v1.pth
2022-03-27 14:20:12,762 => loading stage4.0.fuse_layers.1.3.1.running_var pretrained model pretrained_models/hrnet_w18_small_model_v1.pth
2022-03-27 14:20:12,762 => loading stage4.0.fuse_layers.1.3.1.num_batches_tracked pretrained model pretrained_models/hrnet_w18_small_model_v1.pth
2022-03-27 14:20:12,762 => loading stage4.0.fuse_layers.2.0.0.0.weight pretrained model pretrained_models/hrnet_w18_small_model_v1.pth
2022-03-27 14:20:12,762 => loading stage4.0.fuse_layers.2.0.0.1.weight pretrained model pretrained_models/hrnet_w18_small_model_v1.pth
2022-03-27 14:20:12,762 => loading stage4.0.fuse_layers.2.0.0.1.bias pretrained model pretrained_models/hrnet_w18_small_model_v1.pth
2022-03-27 14:20:12,762 => loading stage4.0.fuse_layers.2.0.0.1.running_mean pretrained model pretrained_models/hrnet_w18_small_model_v1.pth
2022-03-27 14:20:12,763 => loading stage4.0.fuse_layers.2.0.0.1.running_var pretrained model pretrained_models/hrnet_w18_small_model_v1.pth
2022-03-27 14:20:12,763 => loading stage4.0.fuse_layers.2.0.0.1.num_batches_tracked pretrained model pretrained_models/hrnet_w18_small_model_v1.pth
2022-03-27 14:20:12,763 => loading stage4.0.fuse_layers.2.0.1.0.weight pretrained model pretrained_models/hrnet_w18_small_model_v1.pth
2022-03-27 14:20:12,763 => loading stage4.0.fuse_layers.2.0.1.1.weight pretrained model pretrained_models/hrnet_w18_small_model_v1.pth
2022-03-27 14:20:12,763 => loading stage4.0.fuse_layers.2.0.1.1.bias pretrained model pretrained_models/hrnet_w18_small_model_v1.pth
2022-03-27 14:20:12,763 => loading stage4.0.fuse_layers.2.0.1.1.running_mean pretrained model pretrained_models/hrnet_w18_small_model_v1.pth
2022-03-27 14:20:12,764 => loading stage4.0.fuse_layers.2.0.1.1.running_var pretrained model pretrained_models/hrnet_w18_small_model_v1.pth
2022-03-27 14:20:12,764 => loading stage4.0.fuse_layers.2.0.1.1.num_batches_tracked pretrained model pretrained_models/hrnet_w18_small_model_v1.pth
2022-03-27 14:20:12,764 => loading stage4.0.fuse_layers.2.1.0.0.weight pretrained model pretrained_models/hrnet_w18_small_model_v1.pth
2022-03-27 14:20:12,764 => loading stage4.0.fuse_layers.2.1.0.1.weight pretrained model pretrained_models/hrnet_w18_small_model_v1.pth
2022-03-27 14:20:12,764 => loading stage4.0.fuse_layers.2.1.0.1.bias pretrained model pretrained_models/hrnet_w18_small_model_v1.pth
2022-03-27 14:20:12,764 => loading stage4.0.fuse_layers.2.1.0.1.running_mean pretrained model pretrained_models/hrnet_w18_small_model_v1.pth
2022-03-27 14:20:12,765 => loading stage4.0.fuse_layers.2.1.0.1.running_var pretrained model pretrained_models/hrnet_w18_small_model_v1.pth
2022-03-27 14:20:12,765 => loading stage4.0.fuse_layers.2.1.0.1.num_batches_tracked pretrained model pretrained_models/hrnet_w18_small_model_v1.pth
2022-03-27 14:20:12,765 => loading stage4.0.fuse_layers.2.3.0.weight pretrained model pretrained_models/hrnet_w18_small_model_v1.pth
2022-03-27 14:20:12,765 => loading stage4.0.fuse_layers.2.3.1.weight pretrained model pretrained_models/hrnet_w18_small_model_v1.pth
2022-03-27 14:20:12,765 => loading stage4.0.fuse_layers.2.3.1.bias pretrained model pretrained_models/hrnet_w18_small_model_v1.pth
2022-03-27 14:20:12,765 => loading stage4.0.fuse_layers.2.3.1.running_mean pretrained model pretrained_models/hrnet_w18_small_model_v1.pth
2022-03-27 14:20:12,766 => loading stage4.0.fuse_layers.2.3.1.running_var pretrained model pretrained_models/hrnet_w18_small_model_v1.pth
2022-03-27 14:20:12,766 => loading stage4.0.fuse_layers.2.3.1.num_batches_tracked pretrained model pretrained_models/hrnet_w18_small_model_v1.pth
2022-03-27 14:20:12,766 => loading stage4.0.fuse_layers.3.0.0.0.weight pretrained model pretrained_models/hrnet_w18_small_model_v1.pth
2022-03-27 14:20:12,766 => loading stage4.0.fuse_layers.3.0.0.1.weight pretrained model pretrained_models/hrnet_w18_small_model_v1.pth
2022-03-27 14:20:12,766 => loading stage4.0.fuse_layers.3.0.0.1.bias pretrained model pretrained_models/hrnet_w18_small_model_v1.pth
2022-03-27 14:20:12,766 => loading stage4.0.fuse_layers.3.0.0.1.running_mean pretrained model pretrained_models/hrnet_w18_small_model_v1.pth
2022-03-27 14:20:12,767 => loading stage4.0.fuse_layers.3.0.0.1.running_var pretrained model pretrained_models/hrnet_w18_small_model_v1.pth
2022-03-27 14:20:12,767 => loading stage4.0.fuse_layers.3.0.0.1.num_batches_tracked pretrained model pretrained_models/hrnet_w18_small_model_v1.pth
2022-03-27 14:20:12,767 => loading stage4.0.fuse_layers.3.0.1.0.weight pretrained model pretrained_models/hrnet_w18_small_model_v1.pth
2022-03-27 14:20:12,767 => loading stage4.0.fuse_layers.3.0.1.1.weight pretrained model pretrained_models/hrnet_w18_small_model_v1.pth
2022-03-27 14:20:12,767 => loading stage4.0.fuse_layers.3.0.1.1.bias pretrained model pretrained_models/hrnet_w18_small_model_v1.pth
2022-03-27 14:20:12,767 => loading stage4.0.fuse_layers.3.0.1.1.running_mean pretrained model pretrained_models/hrnet_w18_small_model_v1.pth
2022-03-27 14:20:12,768 => loading stage4.0.fuse_layers.3.0.1.1.running_var pretrained model pretrained_models/hrnet_w18_small_model_v1.pth
2022-03-27 14:20:12,768 => loading stage4.0.fuse_layers.3.0.1.1.num_batches_tracked pretrained model pretrained_models/hrnet_w18_small_model_v1.pth
2022-03-27 14:20:12,768 => loading stage4.0.fuse_layers.3.0.2.0.weight pretrained model pretrained_models/hrnet_w18_small_model_v1.pth
2022-03-27 14:20:12,768 => loading stage4.0.fuse_layers.3.0.2.1.weight pretrained model pretrained_models/hrnet_w18_small_model_v1.pth
2022-03-27 14:20:12,768 => loading stage4.0.fuse_layers.3.0.2.1.bias pretrained model pretrained_models/hrnet_w18_small_model_v1.pth
2022-03-27 14:20:12,769 => loading stage4.0.fuse_layers.3.0.2.1.running_mean pretrained model pretrained_models/hrnet_w18_small_model_v1.pth
2022-03-27 14:20:12,769 => loading stage4.0.fuse_layers.3.0.2.1.running_var pretrained model pretrained_models/hrnet_w18_small_model_v1.pth
2022-03-27 14:20:12,769 => loading stage4.0.fuse_layers.3.0.2.1.num_batches_tracked pretrained model pretrained_models/hrnet_w18_small_model_v1.pth
2022-03-27 14:20:12,769 => loading stage4.0.fuse_layers.3.1.0.0.weight pretrained model pretrained_models/hrnet_w18_small_model_v1.pth
2022-03-27 14:20:12,769 => loading stage4.0.fuse_layers.3.1.0.1.weight pretrained model pretrained_models/hrnet_w18_small_model_v1.pth
2022-03-27 14:20:12,769 => loading stage4.0.fuse_layers.3.1.0.1.bias pretrained model pretrained_models/hrnet_w18_small_model_v1.pth
2022-03-27 14:20:12,770 => loading stage4.0.fuse_layers.3.1.0.1.running_mean pretrained model pretrained_models/hrnet_w18_small_model_v1.pth
2022-03-27 14:20:12,770 => loading stage4.0.fuse_layers.3.1.0.1.running_var pretrained model pretrained_models/hrnet_w18_small_model_v1.pth
2022-03-27 14:20:12,770 => loading stage4.0.fuse_layers.3.1.0.1.num_batches_tracked pretrained model pretrained_models/hrnet_w18_small_model_v1.pth
2022-03-27 14:20:12,770 => loading stage4.0.fuse_layers.3.1.1.0.weight pretrained model pretrained_models/hrnet_w18_small_model_v1.pth
2022-03-27 14:20:12,770 => loading stage4.0.fuse_layers.3.1.1.1.weight pretrained model pretrained_models/hrnet_w18_small_model_v1.pth
2022-03-27 14:20:12,770 => loading stage4.0.fuse_layers.3.1.1.1.bias pretrained model pretrained_models/hrnet_w18_small_model_v1.pth
2022-03-27 14:20:12,770 => loading stage4.0.fuse_layers.3.1.1.1.running_mean pretrained model pretrained_models/hrnet_w18_small_model_v1.pth
2022-03-27 14:20:12,771 => loading stage4.0.fuse_layers.3.1.1.1.running_var pretrained model pretrained_models/hrnet_w18_small_model_v1.pth
2022-03-27 14:20:12,771 => loading stage4.0.fuse_layers.3.1.1.1.num_batches_tracked pretrained model pretrained_models/hrnet_w18_small_model_v1.pth
2022-03-27 14:20:12,771 => loading stage4.0.fuse_layers.3.2.0.0.weight pretrained model pretrained_models/hrnet_w18_small_model_v1.pth
2022-03-27 14:20:12,771 => loading stage4.0.fuse_layers.3.2.0.1.weight pretrained model pretrained_models/hrnet_w18_small_model_v1.pth
2022-03-27 14:20:12,771 => loading stage4.0.fuse_layers.3.2.0.1.bias pretrained model pretrained_models/hrnet_w18_small_model_v1.pth
2022-03-27 14:20:12,772 => loading stage4.0.fuse_layers.3.2.0.1.running_mean pretrained model pretrained_models/hrnet_w18_small_model_v1.pth
2022-03-27 14:20:12,772 => loading stage4.0.fuse_layers.3.2.0.1.running_var pretrained model pretrained_models/hrnet_w18_small_model_v1.pth
2022-03-27 14:20:12,772 => loading stage4.0.fuse_layers.3.2.0.1.num_batches_tracked pretrained model pretrained_models/hrnet_w18_small_model_v1.pth
2022-03-27 14:20:12,955 => loaded checkpoint (epoch 2)
2022-03-27 14:20:23,450 Epoch: [2/484] Iter:[0/165], Time: 10.49, lr: [0.009962802221786402], Loss: 0.438788
2022-03-27 14:21:26,004 Epoch: [2/484] Iter:[100/165], Time: 0.72, lr: [0.009951527123107722], Loss: 0.400345
2022-03-27 14:33:47,029 0 [9.44134298e-01 6.37135389e-01 8.19513392e-01 9.62133950e-02
 2.10064139e-01 3.34205384e-01 3.95764273e-02 4.26242055e-01
 8.70958848e-01 3.59193779e-01 8.69928687e-01 5.83194460e-01
 0.00000000e+00 8.38720777e-01 1.73084367e-04 2.08158281e-02
 0.00000000e+00 0.00000000e+00 5.23727125e-01] 0.3986208983106984
2022-03-27 14:33:47,030 => saving checkpoint to output\cityscapes\CS_W18_smallv1_finetunecheckpoint_3.pth.tar
2022-03-27 14:33:47,159 Loss: 0.317, MeanIU:  0.3986, Best_mIoU:  0.3986
2022-03-27 14:33:47,160 [9.44134298e-01 6.37135389e-01 8.19513392e-01 9.62133950e-02
 2.10064139e-01 3.34205384e-01 3.95764273e-02 4.26242055e-01
 8.70958848e-01 3.59193779e-01 8.69928687e-01 5.83194460e-01
 0.00000000e+00 8.38720777e-01 1.73084367e-04 2.08158281e-02
 0.00000000e+00 0.00000000e+00 5.23727125e-01]
2022-03-27 14:33:53,284 Epoch: [3/484] Iter:[0/165], Time: 5.69, lr: [0.009944197547833935], Loss: 0.310909
