2022-03-27 15:36:53,406 Namespace(cfg='experiments/CS_W18_smallv1_finetune.yaml', seed=304, local_rank=0, opts=[])
2022-03-27 15:36:53,406 AUTO_RESUME: False
CUDNN:
  BENCHMARK: True
  DETERMINISTIC: False
  ENABLED: True
DATASET:
  DATASET: cityscapes
  EXTRA_TRAIN_SET: 
  NUM_CLASSES: 19
  ROOT: data/
  TEST_SET: list/cityscapes/val.lst
  TRAIN_SET: list/cityscapes/train.lst
DEBUG:
  DEBUG: False
  SAVE_BATCH_IMAGES_GT: False
  SAVE_BATCH_IMAGES_PRED: False
  SAVE_HEATMAPS_GT: False
  SAVE_HEATMAPS_PRED: False
GPUS: (0,)
LOG_DIR: log
LOSS:
  BALANCE_WEIGHTS: [1]
  CLASS_BALANCE: True
  OHEMKEEP: 131072
  OHEMTHRES: 0.9
  USE_OHEM: False
MODEL:
  ALIGN_CORNERS: True
  EXTRA:
    FINAL_CONV_KERNEL: 1
    STAGE1:
      BLOCK: BOTTLENECK
      FUSE_METHOD: SUM
      NUM_BLOCKS: [1]
      NUM_CHANNELS: [32]
      NUM_MODULES: 1
      NUM_RANCHES: 1
    STAGE2:
      BLOCK: BASIC
      FUSE_METHOD: SUM
      NUM_BLOCKS: [2, 2]
      NUM_BRANCHES: 2
      NUM_CHANNELS: [16, 32]
      NUM_MODULES: 1
    STAGE3:
      BLOCK: BASIC
      FUSE_METHOD: SUM
      NUM_BLOCKS: [2, 2, 2]
      NUM_BRANCHES: 3
      NUM_CHANNELS: [16, 32, 64]
      NUM_MODULES: 1
    STAGE4:
      BLOCK: BASIC
      FUSE_METHOD: SUM
      NUM_BLOCKS: [2, 2, 2, 2]
      NUM_BRANCHES: 4
      NUM_CHANNELS: [16, 32, 64, 128]
      NUM_MODULES: 1
  NAME: seg_hrnet
  NUM_OUTPUTS: 1
  OCR:
    DROPOUT: 0.05
    KEY_CHANNELS: 256
    MID_CHANNELS: 512
    SCALE: 1
  PRETRAINED: pretrained_models/hrnet_w18_small_model_v1.pth
OUTPUT_DIR: output
PIN_MEMORY: True
PRINT_FREQ: 100
RANK: 0
TEST:
  BASE_SIZE: 2048
  BATCH_SIZE_PER_GPU: 3
  FLIP_TEST: False
  IMAGE_SIZE: [2048, 1024]
  MODEL_FILE: 
  MULTI_SCALE: False
  NUM_SAMPLES: 0
  OUTPUT_INDEX: -1
  SCALE_LIST: [1]
TRAIN:
  BASE_SIZE: 2048
  BATCH_SIZE_PER_GPU: 16
  BEGIN_EPOCH: 0
  DOWNSAMPLERATE: 1
  END_EPOCH: 484
  EXTRA_EPOCH: 0
  EXTRA_LR: 0.001
  FLIP: True
  FREEZE_EPOCHS: -1
  FREEZE_LAYERS: 
  IGNORE_LABEL: 255
  IMAGE_SIZE: [1024, 512]
  LR: 0.01
  LR_FACTOR: 0.1
  LR_STEP: [90, 110]
  MOMENTUM: 0.9
  MULTI_SCALE: True
  NESTEROV: False
  NONBACKBONE_KEYWORDS: []
  NONBACKBONE_MULT: 10
  NUM_SAMPLES: 0
  OPTIMIZER: sgd
  RANDOM_BRIGHTNESS: False
  RANDOM_BRIGHTNESS_SHIFT_VALUE: 10
  RESUME: True
  SCALE_FACTOR: 16
  SHUFFLE: True
  WD: 0.0005
WORKERS: 3
2022-03-27 15:36:53,434 => init weights from normal distribution
2022-03-27 15:36:53,618 => loading pretrained model pretrained_models/hrnet_w18_small_model_v1.pth
2022-03-27 15:36:53,620 => loading conv1.weight pretrained model pretrained_models/hrnet_w18_small_model_v1.pth
2022-03-27 15:36:53,620 => loading bn1.weight pretrained model pretrained_models/hrnet_w18_small_model_v1.pth
2022-03-27 15:36:53,621 => loading bn1.bias pretrained model pretrained_models/hrnet_w18_small_model_v1.pth
2022-03-27 15:36:53,621 => loading bn1.running_mean pretrained model pretrained_models/hrnet_w18_small_model_v1.pth
2022-03-27 15:36:53,621 => loading bn1.running_var pretrained model pretrained_models/hrnet_w18_small_model_v1.pth
2022-03-27 15:36:53,621 => loading bn1.num_batches_tracked pretrained model pretrained_models/hrnet_w18_small_model_v1.pth
2022-03-27 15:36:53,621 => loading conv2.weight pretrained model pretrained_models/hrnet_w18_small_model_v1.pth
2022-03-27 15:36:53,622 => loading bn2.weight pretrained model pretrained_models/hrnet_w18_small_model_v1.pth
2022-03-27 15:36:53,622 => loading bn2.bias pretrained model pretrained_models/hrnet_w18_small_model_v1.pth
2022-03-27 15:36:53,622 => loading bn2.running_mean pretrained model pretrained_models/hrnet_w18_small_model_v1.pth
2022-03-27 15:36:53,622 => loading bn2.running_var pretrained model pretrained_models/hrnet_w18_small_model_v1.pth
2022-03-27 15:36:53,622 => loading bn2.num_batches_tracked pretrained model pretrained_models/hrnet_w18_small_model_v1.pth
2022-03-27 15:36:53,622 => loading layer1.0.conv1.weight pretrained model pretrained_models/hrnet_w18_small_model_v1.pth
2022-03-27 15:36:53,622 => loading layer1.0.bn1.weight pretrained model pretrained_models/hrnet_w18_small_model_v1.pth
2022-03-27 15:36:53,623 => loading layer1.0.bn1.bias pretrained model pretrained_models/hrnet_w18_small_model_v1.pth
2022-03-27 15:36:53,623 => loading layer1.0.bn1.running_mean pretrained model pretrained_models/hrnet_w18_small_model_v1.pth
2022-03-27 15:36:53,623 => loading layer1.0.bn1.running_var pretrained model pretrained_models/hrnet_w18_small_model_v1.pth
2022-03-27 15:36:53,623 => loading layer1.0.bn1.num_batches_tracked pretrained model pretrained_models/hrnet_w18_small_model_v1.pth
2022-03-27 15:36:53,623 => loading layer1.0.conv2.weight pretrained model pretrained_models/hrnet_w18_small_model_v1.pth
2022-03-27 15:36:53,623 => loading layer1.0.bn2.weight pretrained model pretrained_models/hrnet_w18_small_model_v1.pth
2022-03-27 15:36:53,624 => loading layer1.0.bn2.bias pretrained model pretrained_models/hrnet_w18_small_model_v1.pth
2022-03-27 15:36:53,624 => loading layer1.0.bn2.running_mean pretrained model pretrained_models/hrnet_w18_small_model_v1.pth
2022-03-27 15:36:53,624 => loading layer1.0.bn2.running_var pretrained model pretrained_models/hrnet_w18_small_model_v1.pth
2022-03-27 15:36:53,624 => loading layer1.0.bn2.num_batches_tracked pretrained model pretrained_models/hrnet_w18_small_model_v1.pth
2022-03-27 15:36:53,624 => loading layer1.0.conv3.weight pretrained model pretrained_models/hrnet_w18_small_model_v1.pth
2022-03-27 15:36:53,624 => loading layer1.0.bn3.weight pretrained model pretrained_models/hrnet_w18_small_model_v1.pth
2022-03-27 15:36:53,625 => loading layer1.0.bn3.bias pretrained model pretrained_models/hrnet_w18_small_model_v1.pth
2022-03-27 15:36:53,625 => loading layer1.0.bn3.running_mean pretrained model pretrained_models/hrnet_w18_small_model_v1.pth
2022-03-27 15:36:53,625 => loading layer1.0.bn3.running_var pretrained model pretrained_models/hrnet_w18_small_model_v1.pth
2022-03-27 15:36:53,625 => loading layer1.0.bn3.num_batches_tracked pretrained model pretrained_models/hrnet_w18_small_model_v1.pth
2022-03-27 15:36:53,625 => loading layer1.0.downsample.0.weight pretrained model pretrained_models/hrnet_w18_small_model_v1.pth
2022-03-27 15:36:53,625 => loading layer1.0.downsample.1.weight pretrained model pretrained_models/hrnet_w18_small_model_v1.pth
2022-03-27 15:36:53,626 => loading layer1.0.downsample.1.bias pretrained model pretrained_models/hrnet_w18_small_model_v1.pth
2022-03-27 15:36:53,626 => loading layer1.0.downsample.1.running_mean pretrained model pretrained_models/hrnet_w18_small_model_v1.pth
2022-03-27 15:36:53,626 => loading layer1.0.downsample.1.running_var pretrained model pretrained_models/hrnet_w18_small_model_v1.pth
2022-03-27 15:36:53,626 => loading layer1.0.downsample.1.num_batches_tracked pretrained model pretrained_models/hrnet_w18_small_model_v1.pth
2022-03-27 15:36:53,626 => loading transition1.0.0.weight pretrained model pretrained_models/hrnet_w18_small_model_v1.pth
2022-03-27 15:36:53,626 => loading transition1.0.1.weight pretrained model pretrained_models/hrnet_w18_small_model_v1.pth
2022-03-27 15:36:53,627 => loading transition1.0.1.bias pretrained model pretrained_models/hrnet_w18_small_model_v1.pth
2022-03-27 15:36:53,627 => loading transition1.0.1.running_mean pretrained model pretrained_models/hrnet_w18_small_model_v1.pth
2022-03-27 15:36:53,627 => loading transition1.0.1.running_var pretrained model pretrained_models/hrnet_w18_small_model_v1.pth
2022-03-27 15:36:53,627 => loading transition1.0.1.num_batches_tracked pretrained model pretrained_models/hrnet_w18_small_model_v1.pth
2022-03-27 15:36:53,627 => loading transition1.1.0.0.weight pretrained model pretrained_models/hrnet_w18_small_model_v1.pth
2022-03-27 15:36:53,628 => loading transition1.1.0.1.weight pretrained model pretrained_models/hrnet_w18_small_model_v1.pth
2022-03-27 15:36:53,628 => loading transition1.1.0.1.bias pretrained model pretrained_models/hrnet_w18_small_model_v1.pth
2022-03-27 15:36:53,628 => loading transition1.1.0.1.running_mean pretrained model pretrained_models/hrnet_w18_small_model_v1.pth
2022-03-27 15:36:53,628 => loading transition1.1.0.1.running_var pretrained model pretrained_models/hrnet_w18_small_model_v1.pth
2022-03-27 15:36:53,628 => loading transition1.1.0.1.num_batches_tracked pretrained model pretrained_models/hrnet_w18_small_model_v1.pth
2022-03-27 15:36:53,629 => loading stage2.0.branches.0.0.conv1.weight pretrained model pretrained_models/hrnet_w18_small_model_v1.pth
2022-03-27 15:36:53,629 => loading stage2.0.branches.0.0.bn1.weight pretrained model pretrained_models/hrnet_w18_small_model_v1.pth
2022-03-27 15:36:53,629 => loading stage2.0.branches.0.0.bn1.bias pretrained model pretrained_models/hrnet_w18_small_model_v1.pth
2022-03-27 15:36:53,629 => loading stage2.0.branches.0.0.bn1.running_mean pretrained model pretrained_models/hrnet_w18_small_model_v1.pth
2022-03-27 15:36:53,629 => loading stage2.0.branches.0.0.bn1.running_var pretrained model pretrained_models/hrnet_w18_small_model_v1.pth
2022-03-27 15:36:53,629 => loading stage2.0.branches.0.0.bn1.num_batches_tracked pretrained model pretrained_models/hrnet_w18_small_model_v1.pth
2022-03-27 15:36:53,630 => loading stage2.0.branches.0.0.conv2.weight pretrained model pretrained_models/hrnet_w18_small_model_v1.pth
2022-03-27 15:36:53,630 => loading stage2.0.branches.0.0.bn2.weight pretrained model pretrained_models/hrnet_w18_small_model_v1.pth
2022-03-27 15:36:53,630 => loading stage2.0.branches.0.0.bn2.bias pretrained model pretrained_models/hrnet_w18_small_model_v1.pth
2022-03-27 15:36:53,630 => loading stage2.0.branches.0.0.bn2.running_mean pretrained model pretrained_models/hrnet_w18_small_model_v1.pth
2022-03-27 15:36:53,630 => loading stage2.0.branches.0.0.bn2.running_var pretrained model pretrained_models/hrnet_w18_small_model_v1.pth
2022-03-27 15:36:53,631 => loading stage2.0.branches.0.0.bn2.num_batches_tracked pretrained model pretrained_models/hrnet_w18_small_model_v1.pth
2022-03-27 15:36:53,631 => loading stage2.0.branches.0.1.conv1.weight pretrained model pretrained_models/hrnet_w18_small_model_v1.pth
2022-03-27 15:36:53,631 => loading stage2.0.branches.0.1.bn1.weight pretrained model pretrained_models/hrnet_w18_small_model_v1.pth
2022-03-27 15:36:53,631 => loading stage2.0.branches.0.1.bn1.bias pretrained model pretrained_models/hrnet_w18_small_model_v1.pth
2022-03-27 15:36:53,631 => loading stage2.0.branches.0.1.bn1.running_mean pretrained model pretrained_models/hrnet_w18_small_model_v1.pth
2022-03-27 15:36:53,632 => loading stage2.0.branches.0.1.bn1.running_var pretrained model pretrained_models/hrnet_w18_small_model_v1.pth
2022-03-27 15:36:53,632 => loading stage2.0.branches.0.1.bn1.num_batches_tracked pretrained model pretrained_models/hrnet_w18_small_model_v1.pth
2022-03-27 15:36:53,632 => loading stage2.0.branches.0.1.conv2.weight pretrained model pretrained_models/hrnet_w18_small_model_v1.pth
2022-03-27 15:36:53,632 => loading stage2.0.branches.0.1.bn2.weight pretrained model pretrained_models/hrnet_w18_small_model_v1.pth
2022-03-27 15:36:53,632 => loading stage2.0.branches.0.1.bn2.bias pretrained model pretrained_models/hrnet_w18_small_model_v1.pth
2022-03-27 15:36:53,633 => loading stage2.0.branches.0.1.bn2.running_mean pretrained model pretrained_models/hrnet_w18_small_model_v1.pth
2022-03-27 15:36:53,633 => loading stage2.0.branches.0.1.bn2.running_var pretrained model pretrained_models/hrnet_w18_small_model_v1.pth
2022-03-27 15:36:53,633 => loading stage2.0.branches.0.1.bn2.num_batches_tracked pretrained model pretrained_models/hrnet_w18_small_model_v1.pth
2022-03-27 15:36:53,633 => loading stage2.0.branches.1.0.conv1.weight pretrained model pretrained_models/hrnet_w18_small_model_v1.pth
2022-03-27 15:36:53,633 => loading stage2.0.branches.1.0.bn1.weight pretrained model pretrained_models/hrnet_w18_small_model_v1.pth
2022-03-27 15:36:53,633 => loading stage2.0.branches.1.0.bn1.bias pretrained model pretrained_models/hrnet_w18_small_model_v1.pth
2022-03-27 15:36:53,634 => loading stage2.0.branches.1.0.bn1.running_mean pretrained model pretrained_models/hrnet_w18_small_model_v1.pth
2022-03-27 15:36:53,634 => loading stage2.0.branches.1.0.bn1.running_var pretrained model pretrained_models/hrnet_w18_small_model_v1.pth
2022-03-27 15:36:53,634 => loading stage2.0.branches.1.0.bn1.num_batches_tracked pretrained model pretrained_models/hrnet_w18_small_model_v1.pth
2022-03-27 15:36:53,634 => loading stage2.0.branches.1.0.conv2.weight pretrained model pretrained_models/hrnet_w18_small_model_v1.pth
2022-03-27 15:36:53,634 => loading stage2.0.branches.1.0.bn2.weight pretrained model pretrained_models/hrnet_w18_small_model_v1.pth
2022-03-27 15:36:53,634 => loading stage2.0.branches.1.0.bn2.bias pretrained model pretrained_models/hrnet_w18_small_model_v1.pth
2022-03-27 15:36:53,634 => loading stage2.0.branches.1.0.bn2.running_mean pretrained model pretrained_models/hrnet_w18_small_model_v1.pth
2022-03-27 15:36:53,634 => loading stage2.0.branches.1.0.bn2.running_var pretrained model pretrained_models/hrnet_w18_small_model_v1.pth
2022-03-27 15:36:53,635 => loading stage2.0.branches.1.0.bn2.num_batches_tracked pretrained model pretrained_models/hrnet_w18_small_model_v1.pth
2022-03-27 15:36:53,635 => loading stage2.0.branches.1.1.conv1.weight pretrained model pretrained_models/hrnet_w18_small_model_v1.pth
2022-03-27 15:36:53,635 => loading stage2.0.branches.1.1.bn1.weight pretrained model pretrained_models/hrnet_w18_small_model_v1.pth
2022-03-27 15:36:53,635 => loading stage2.0.branches.1.1.bn1.bias pretrained model pretrained_models/hrnet_w18_small_model_v1.pth
2022-03-27 15:36:53,635 => loading stage2.0.branches.1.1.bn1.running_mean pretrained model pretrained_models/hrnet_w18_small_model_v1.pth
2022-03-27 15:36:53,635 => loading stage2.0.branches.1.1.bn1.running_var pretrained model pretrained_models/hrnet_w18_small_model_v1.pth
2022-03-27 15:36:53,636 => loading stage2.0.branches.1.1.bn1.num_batches_tracked pretrained model pretrained_models/hrnet_w18_small_model_v1.pth
2022-03-27 15:36:53,636 => loading stage2.0.branches.1.1.conv2.weight pretrained model pretrained_models/hrnet_w18_small_model_v1.pth
2022-03-27 15:36:53,636 => loading stage2.0.branches.1.1.bn2.weight pretrained model pretrained_models/hrnet_w18_small_model_v1.pth
2022-03-27 15:36:53,636 => loading stage2.0.branches.1.1.bn2.bias pretrained model pretrained_models/hrnet_w18_small_model_v1.pth
2022-03-27 15:36:53,636 => loading stage2.0.branches.1.1.bn2.running_mean pretrained model pretrained_models/hrnet_w18_small_model_v1.pth
2022-03-27 15:36:53,636 => loading stage2.0.branches.1.1.bn2.running_var pretrained model pretrained_models/hrnet_w18_small_model_v1.pth
2022-03-27 15:36:53,636 => loading stage2.0.branches.1.1.bn2.num_batches_tracked pretrained model pretrained_models/hrnet_w18_small_model_v1.pth
2022-03-27 15:36:53,637 => loading stage2.0.fuse_layers.0.1.0.weight pretrained model pretrained_models/hrnet_w18_small_model_v1.pth
2022-03-27 15:36:53,637 => loading stage2.0.fuse_layers.0.1.1.weight pretrained model pretrained_models/hrnet_w18_small_model_v1.pth
2022-03-27 15:36:53,637 => loading stage2.0.fuse_layers.0.1.1.bias pretrained model pretrained_models/hrnet_w18_small_model_v1.pth
2022-03-27 15:36:53,637 => loading stage2.0.fuse_layers.0.1.1.running_mean pretrained model pretrained_models/hrnet_w18_small_model_v1.pth
2022-03-27 15:36:53,637 => loading stage2.0.fuse_layers.0.1.1.running_var pretrained model pretrained_models/hrnet_w18_small_model_v1.pth
2022-03-27 15:36:53,638 => loading stage2.0.fuse_layers.0.1.1.num_batches_tracked pretrained model pretrained_models/hrnet_w18_small_model_v1.pth
2022-03-27 15:36:53,638 => loading stage2.0.fuse_layers.1.0.0.0.weight pretrained model pretrained_models/hrnet_w18_small_model_v1.pth
2022-03-27 15:36:53,638 => loading stage2.0.fuse_layers.1.0.0.1.weight pretrained model pretrained_models/hrnet_w18_small_model_v1.pth
2022-03-27 15:36:53,638 => loading stage2.0.fuse_layers.1.0.0.1.bias pretrained model pretrained_models/hrnet_w18_small_model_v1.pth
2022-03-27 15:36:53,638 => loading stage2.0.fuse_layers.1.0.0.1.running_mean pretrained model pretrained_models/hrnet_w18_small_model_v1.pth
2022-03-27 15:36:53,639 => loading stage2.0.fuse_layers.1.0.0.1.running_var pretrained model pretrained_models/hrnet_w18_small_model_v1.pth
2022-03-27 15:36:53,639 => loading stage2.0.fuse_layers.1.0.0.1.num_batches_tracked pretrained model pretrained_models/hrnet_w18_small_model_v1.pth
2022-03-27 15:36:53,639 => loading transition2.2.0.0.weight pretrained model pretrained_models/hrnet_w18_small_model_v1.pth
2022-03-27 15:36:53,639 => loading transition2.2.0.1.weight pretrained model pretrained_models/hrnet_w18_small_model_v1.pth
2022-03-27 15:36:53,639 => loading transition2.2.0.1.bias pretrained model pretrained_models/hrnet_w18_small_model_v1.pth
2022-03-27 15:36:53,639 => loading transition2.2.0.1.running_mean pretrained model pretrained_models/hrnet_w18_small_model_v1.pth
2022-03-27 15:36:53,640 => loading transition2.2.0.1.running_var pretrained model pretrained_models/hrnet_w18_small_model_v1.pth
2022-03-27 15:36:53,640 => loading transition2.2.0.1.num_batches_tracked pretrained model pretrained_models/hrnet_w18_small_model_v1.pth
2022-03-27 15:36:53,640 => loading stage3.0.branches.0.0.conv1.weight pretrained model pretrained_models/hrnet_w18_small_model_v1.pth
2022-03-27 15:36:53,640 => loading stage3.0.branches.0.0.bn1.weight pretrained model pretrained_models/hrnet_w18_small_model_v1.pth
2022-03-27 15:36:53,640 => loading stage3.0.branches.0.0.bn1.bias pretrained model pretrained_models/hrnet_w18_small_model_v1.pth
2022-03-27 15:36:53,640 => loading stage3.0.branches.0.0.bn1.running_mean pretrained model pretrained_models/hrnet_w18_small_model_v1.pth
2022-03-27 15:36:53,641 => loading stage3.0.branches.0.0.bn1.running_var pretrained model pretrained_models/hrnet_w18_small_model_v1.pth
2022-03-27 15:36:53,641 => loading stage3.0.branches.0.0.bn1.num_batches_tracked pretrained model pretrained_models/hrnet_w18_small_model_v1.pth
2022-03-27 15:36:53,641 => loading stage3.0.branches.0.0.conv2.weight pretrained model pretrained_models/hrnet_w18_small_model_v1.pth
2022-03-27 15:36:53,641 => loading stage3.0.branches.0.0.bn2.weight pretrained model pretrained_models/hrnet_w18_small_model_v1.pth
2022-03-27 15:36:53,641 => loading stage3.0.branches.0.0.bn2.bias pretrained model pretrained_models/hrnet_w18_small_model_v1.pth
2022-03-27 15:36:53,641 => loading stage3.0.branches.0.0.bn2.running_mean pretrained model pretrained_models/hrnet_w18_small_model_v1.pth
2022-03-27 15:36:53,642 => loading stage3.0.branches.0.0.bn2.running_var pretrained model pretrained_models/hrnet_w18_small_model_v1.pth
2022-03-27 15:36:53,642 => loading stage3.0.branches.0.0.bn2.num_batches_tracked pretrained model pretrained_models/hrnet_w18_small_model_v1.pth
2022-03-27 15:36:53,642 => loading stage3.0.branches.0.1.conv1.weight pretrained model pretrained_models/hrnet_w18_small_model_v1.pth
2022-03-27 15:36:53,642 => loading stage3.0.branches.0.1.bn1.weight pretrained model pretrained_models/hrnet_w18_small_model_v1.pth
2022-03-27 15:36:53,642 => loading stage3.0.branches.0.1.bn1.bias pretrained model pretrained_models/hrnet_w18_small_model_v1.pth
2022-03-27 15:36:53,643 => loading stage3.0.branches.0.1.bn1.running_mean pretrained model pretrained_models/hrnet_w18_small_model_v1.pth
2022-03-27 15:36:53,643 => loading stage3.0.branches.0.1.bn1.running_var pretrained model pretrained_models/hrnet_w18_small_model_v1.pth
2022-03-27 15:36:53,643 => loading stage3.0.branches.0.1.bn1.num_batches_tracked pretrained model pretrained_models/hrnet_w18_small_model_v1.pth
2022-03-27 15:36:53,643 => loading stage3.0.branches.0.1.conv2.weight pretrained model pretrained_models/hrnet_w18_small_model_v1.pth
2022-03-27 15:36:53,643 => loading stage3.0.branches.0.1.bn2.weight pretrained model pretrained_models/hrnet_w18_small_model_v1.pth
2022-03-27 15:36:53,643 => loading stage3.0.branches.0.1.bn2.bias pretrained model pretrained_models/hrnet_w18_small_model_v1.pth
2022-03-27 15:36:53,644 => loading stage3.0.branches.0.1.bn2.running_mean pretrained model pretrained_models/hrnet_w18_small_model_v1.pth
2022-03-27 15:36:53,644 => loading stage3.0.branches.0.1.bn2.running_var pretrained model pretrained_models/hrnet_w18_small_model_v1.pth
2022-03-27 15:36:53,644 => loading stage3.0.branches.0.1.bn2.num_batches_tracked pretrained model pretrained_models/hrnet_w18_small_model_v1.pth
2022-03-27 15:36:53,644 => loading stage3.0.branches.1.0.conv1.weight pretrained model pretrained_models/hrnet_w18_small_model_v1.pth
2022-03-27 15:36:53,644 => loading stage3.0.branches.1.0.bn1.weight pretrained model pretrained_models/hrnet_w18_small_model_v1.pth
2022-03-27 15:36:53,644 => loading stage3.0.branches.1.0.bn1.bias pretrained model pretrained_models/hrnet_w18_small_model_v1.pth
2022-03-27 15:36:53,645 => loading stage3.0.branches.1.0.bn1.running_mean pretrained model pretrained_models/hrnet_w18_small_model_v1.pth
2022-03-27 15:36:53,645 => loading stage3.0.branches.1.0.bn1.running_var pretrained model pretrained_models/hrnet_w18_small_model_v1.pth
2022-03-27 15:36:53,645 => loading stage3.0.branches.1.0.bn1.num_batches_tracked pretrained model pretrained_models/hrnet_w18_small_model_v1.pth
2022-03-27 15:36:53,645 => loading stage3.0.branches.1.0.conv2.weight pretrained model pretrained_models/hrnet_w18_small_model_v1.pth
2022-03-27 15:36:53,645 => loading stage3.0.branches.1.0.bn2.weight pretrained model pretrained_models/hrnet_w18_small_model_v1.pth
2022-03-27 15:36:53,645 => loading stage3.0.branches.1.0.bn2.bias pretrained model pretrained_models/hrnet_w18_small_model_v1.pth
2022-03-27 15:36:53,646 => loading stage3.0.branches.1.0.bn2.running_mean pretrained model pretrained_models/hrnet_w18_small_model_v1.pth
2022-03-27 15:36:53,646 => loading stage3.0.branches.1.0.bn2.running_var pretrained model pretrained_models/hrnet_w18_small_model_v1.pth
2022-03-27 15:36:53,646 => loading stage3.0.branches.1.0.bn2.num_batches_tracked pretrained model pretrained_models/hrnet_w18_small_model_v1.pth
2022-03-27 15:36:53,646 => loading stage3.0.branches.1.1.conv1.weight pretrained model pretrained_models/hrnet_w18_small_model_v1.pth
2022-03-27 15:36:53,646 => loading stage3.0.branches.1.1.bn1.weight pretrained model pretrained_models/hrnet_w18_small_model_v1.pth
2022-03-27 15:36:53,646 => loading stage3.0.branches.1.1.bn1.bias pretrained model pretrained_models/hrnet_w18_small_model_v1.pth
2022-03-27 15:36:53,646 => loading stage3.0.branches.1.1.bn1.running_mean pretrained model pretrained_models/hrnet_w18_small_model_v1.pth
2022-03-27 15:36:53,647 => loading stage3.0.branches.1.1.bn1.running_var pretrained model pretrained_models/hrnet_w18_small_model_v1.pth
2022-03-27 15:36:53,647 => loading stage3.0.branches.1.1.bn1.num_batches_tracked pretrained model pretrained_models/hrnet_w18_small_model_v1.pth
2022-03-27 15:36:53,647 => loading stage3.0.branches.1.1.conv2.weight pretrained model pretrained_models/hrnet_w18_small_model_v1.pth
2022-03-27 15:36:53,647 => loading stage3.0.branches.1.1.bn2.weight pretrained model pretrained_models/hrnet_w18_small_model_v1.pth
2022-03-27 15:36:53,647 => loading stage3.0.branches.1.1.bn2.bias pretrained model pretrained_models/hrnet_w18_small_model_v1.pth
2022-03-27 15:36:53,647 => loading stage3.0.branches.1.1.bn2.running_mean pretrained model pretrained_models/hrnet_w18_small_model_v1.pth
2022-03-27 15:36:53,648 => loading stage3.0.branches.1.1.bn2.running_var pretrained model pretrained_models/hrnet_w18_small_model_v1.pth
2022-03-27 15:36:53,648 => loading stage3.0.branches.1.1.bn2.num_batches_tracked pretrained model pretrained_models/hrnet_w18_small_model_v1.pth
2022-03-27 15:36:53,648 => loading stage3.0.branches.2.0.conv1.weight pretrained model pretrained_models/hrnet_w18_small_model_v1.pth
2022-03-27 15:36:53,648 => loading stage3.0.branches.2.0.bn1.weight pretrained model pretrained_models/hrnet_w18_small_model_v1.pth
2022-03-27 15:36:53,648 => loading stage3.0.branches.2.0.bn1.bias pretrained model pretrained_models/hrnet_w18_small_model_v1.pth
2022-03-27 15:36:53,648 => loading stage3.0.branches.2.0.bn1.running_mean pretrained model pretrained_models/hrnet_w18_small_model_v1.pth
2022-03-27 15:36:53,648 => loading stage3.0.branches.2.0.bn1.running_var pretrained model pretrained_models/hrnet_w18_small_model_v1.pth
2022-03-27 15:36:53,649 => loading stage3.0.branches.2.0.bn1.num_batches_tracked pretrained model pretrained_models/hrnet_w18_small_model_v1.pth
2022-03-27 15:36:53,649 => loading stage3.0.branches.2.0.conv2.weight pretrained model pretrained_models/hrnet_w18_small_model_v1.pth
2022-03-27 15:36:53,649 => loading stage3.0.branches.2.0.bn2.weight pretrained model pretrained_models/hrnet_w18_small_model_v1.pth
2022-03-27 15:36:53,649 => loading stage3.0.branches.2.0.bn2.bias pretrained model pretrained_models/hrnet_w18_small_model_v1.pth
2022-03-27 15:36:53,649 => loading stage3.0.branches.2.0.bn2.running_mean pretrained model pretrained_models/hrnet_w18_small_model_v1.pth
2022-03-27 15:36:53,649 => loading stage3.0.branches.2.0.bn2.running_var pretrained model pretrained_models/hrnet_w18_small_model_v1.pth
2022-03-27 15:36:53,650 => loading stage3.0.branches.2.0.bn2.num_batches_tracked pretrained model pretrained_models/hrnet_w18_small_model_v1.pth
2022-03-27 15:36:53,650 => loading stage3.0.branches.2.1.conv1.weight pretrained model pretrained_models/hrnet_w18_small_model_v1.pth
2022-03-27 15:36:53,650 => loading stage3.0.branches.2.1.bn1.weight pretrained model pretrained_models/hrnet_w18_small_model_v1.pth
2022-03-27 15:36:53,650 => loading stage3.0.branches.2.1.bn1.bias pretrained model pretrained_models/hrnet_w18_small_model_v1.pth
2022-03-27 15:36:53,650 => loading stage3.0.branches.2.1.bn1.running_mean pretrained model pretrained_models/hrnet_w18_small_model_v1.pth
2022-03-27 15:36:53,650 => loading stage3.0.branches.2.1.bn1.running_var pretrained model pretrained_models/hrnet_w18_small_model_v1.pth
2022-03-27 15:36:53,650 => loading stage3.0.branches.2.1.bn1.num_batches_tracked pretrained model pretrained_models/hrnet_w18_small_model_v1.pth
2022-03-27 15:36:53,651 => loading stage3.0.branches.2.1.conv2.weight pretrained model pretrained_models/hrnet_w18_small_model_v1.pth
2022-03-27 15:36:53,651 => loading stage3.0.branches.2.1.bn2.weight pretrained model pretrained_models/hrnet_w18_small_model_v1.pth
2022-03-27 15:36:53,651 => loading stage3.0.branches.2.1.bn2.bias pretrained model pretrained_models/hrnet_w18_small_model_v1.pth
2022-03-27 15:36:53,651 => loading stage3.0.branches.2.1.bn2.running_mean pretrained model pretrained_models/hrnet_w18_small_model_v1.pth
2022-03-27 15:36:53,651 => loading stage3.0.branches.2.1.bn2.running_var pretrained model pretrained_models/hrnet_w18_small_model_v1.pth
2022-03-27 15:36:53,651 => loading stage3.0.branches.2.1.bn2.num_batches_tracked pretrained model pretrained_models/hrnet_w18_small_model_v1.pth
2022-03-27 15:36:53,652 => loading stage3.0.fuse_layers.0.1.0.weight pretrained model pretrained_models/hrnet_w18_small_model_v1.pth
2022-03-27 15:36:53,652 => loading stage3.0.fuse_layers.0.1.1.weight pretrained model pretrained_models/hrnet_w18_small_model_v1.pth
2022-03-27 15:36:53,652 => loading stage3.0.fuse_layers.0.1.1.bias pretrained model pretrained_models/hrnet_w18_small_model_v1.pth
2022-03-27 15:36:53,652 => loading stage3.0.fuse_layers.0.1.1.running_mean pretrained model pretrained_models/hrnet_w18_small_model_v1.pth
2022-03-27 15:36:53,652 => loading stage3.0.fuse_layers.0.1.1.running_var pretrained model pretrained_models/hrnet_w18_small_model_v1.pth
2022-03-27 15:36:53,652 => loading stage3.0.fuse_layers.0.1.1.num_batches_tracked pretrained model pretrained_models/hrnet_w18_small_model_v1.pth
2022-03-27 15:36:53,653 => loading stage3.0.fuse_layers.0.2.0.weight pretrained model pretrained_models/hrnet_w18_small_model_v1.pth
2022-03-27 15:36:53,653 => loading stage3.0.fuse_layers.0.2.1.weight pretrained model pretrained_models/hrnet_w18_small_model_v1.pth
2022-03-27 15:36:53,653 => loading stage3.0.fuse_layers.0.2.1.bias pretrained model pretrained_models/hrnet_w18_small_model_v1.pth
2022-03-27 15:36:53,653 => loading stage3.0.fuse_layers.0.2.1.running_mean pretrained model pretrained_models/hrnet_w18_small_model_v1.pth
2022-03-27 15:36:53,653 => loading stage3.0.fuse_layers.0.2.1.running_var pretrained model pretrained_models/hrnet_w18_small_model_v1.pth
2022-03-27 15:36:53,653 => loading stage3.0.fuse_layers.0.2.1.num_batches_tracked pretrained model pretrained_models/hrnet_w18_small_model_v1.pth
2022-03-27 15:36:53,654 => loading stage3.0.fuse_layers.1.0.0.0.weight pretrained model pretrained_models/hrnet_w18_small_model_v1.pth
2022-03-27 15:36:53,654 => loading stage3.0.fuse_layers.1.0.0.1.weight pretrained model pretrained_models/hrnet_w18_small_model_v1.pth
2022-03-27 15:36:53,654 => loading stage3.0.fuse_layers.1.0.0.1.bias pretrained model pretrained_models/hrnet_w18_small_model_v1.pth
2022-03-27 15:36:53,654 => loading stage3.0.fuse_layers.1.0.0.1.running_mean pretrained model pretrained_models/hrnet_w18_small_model_v1.pth
2022-03-27 15:36:53,654 => loading stage3.0.fuse_layers.1.0.0.1.running_var pretrained model pretrained_models/hrnet_w18_small_model_v1.pth
2022-03-27 15:36:53,655 => loading stage3.0.fuse_layers.1.0.0.1.num_batches_tracked pretrained model pretrained_models/hrnet_w18_small_model_v1.pth
2022-03-27 15:36:53,655 => loading stage3.0.fuse_layers.1.2.0.weight pretrained model pretrained_models/hrnet_w18_small_model_v1.pth
2022-03-27 15:36:53,655 => loading stage3.0.fuse_layers.1.2.1.weight pretrained model pretrained_models/hrnet_w18_small_model_v1.pth
2022-03-27 15:36:53,655 => loading stage3.0.fuse_layers.1.2.1.bias pretrained model pretrained_models/hrnet_w18_small_model_v1.pth
2022-03-27 15:36:53,655 => loading stage3.0.fuse_layers.1.2.1.running_mean pretrained model pretrained_models/hrnet_w18_small_model_v1.pth
2022-03-27 15:36:53,655 => loading stage3.0.fuse_layers.1.2.1.running_var pretrained model pretrained_models/hrnet_w18_small_model_v1.pth
2022-03-27 15:36:53,656 => loading stage3.0.fuse_layers.1.2.1.num_batches_tracked pretrained model pretrained_models/hrnet_w18_small_model_v1.pth
2022-03-27 15:36:53,656 => loading stage3.0.fuse_layers.2.0.0.0.weight pretrained model pretrained_models/hrnet_w18_small_model_v1.pth
2022-03-27 15:36:53,656 => loading stage3.0.fuse_layers.2.0.0.1.weight pretrained model pretrained_models/hrnet_w18_small_model_v1.pth
2022-03-27 15:36:53,656 => loading stage3.0.fuse_layers.2.0.0.1.bias pretrained model pretrained_models/hrnet_w18_small_model_v1.pth
2022-03-27 15:36:53,656 => loading stage3.0.fuse_layers.2.0.0.1.running_mean pretrained model pretrained_models/hrnet_w18_small_model_v1.pth
2022-03-27 15:36:53,657 => loading stage3.0.fuse_layers.2.0.0.1.running_var pretrained model pretrained_models/hrnet_w18_small_model_v1.pth
2022-03-27 15:36:53,657 => loading stage3.0.fuse_layers.2.0.0.1.num_batches_tracked pretrained model pretrained_models/hrnet_w18_small_model_v1.pth
2022-03-27 15:36:53,657 => loading stage3.0.fuse_layers.2.0.1.0.weight pretrained model pretrained_models/hrnet_w18_small_model_v1.pth
2022-03-27 15:36:53,657 => loading stage3.0.fuse_layers.2.0.1.1.weight pretrained model pretrained_models/hrnet_w18_small_model_v1.pth
2022-03-27 15:36:53,657 => loading stage3.0.fuse_layers.2.0.1.1.bias pretrained model pretrained_models/hrnet_w18_small_model_v1.pth
2022-03-27 15:36:53,657 => loading stage3.0.fuse_layers.2.0.1.1.running_mean pretrained model pretrained_models/hrnet_w18_small_model_v1.pth
2022-03-27 15:36:53,658 => loading stage3.0.fuse_layers.2.0.1.1.running_var pretrained model pretrained_models/hrnet_w18_small_model_v1.pth
2022-03-27 15:36:53,658 => loading stage3.0.fuse_layers.2.0.1.1.num_batches_tracked pretrained model pretrained_models/hrnet_w18_small_model_v1.pth
2022-03-27 15:36:53,658 => loading stage3.0.fuse_layers.2.1.0.0.weight pretrained model pretrained_models/hrnet_w18_small_model_v1.pth
2022-03-27 15:36:53,658 => loading stage3.0.fuse_layers.2.1.0.1.weight pretrained model pretrained_models/hrnet_w18_small_model_v1.pth
2022-03-27 15:36:53,659 => loading stage3.0.fuse_layers.2.1.0.1.bias pretrained model pretrained_models/hrnet_w18_small_model_v1.pth
2022-03-27 15:36:53,659 => loading stage3.0.fuse_layers.2.1.0.1.running_mean pretrained model pretrained_models/hrnet_w18_small_model_v1.pth
2022-03-27 15:36:53,659 => loading stage3.0.fuse_layers.2.1.0.1.running_var pretrained model pretrained_models/hrnet_w18_small_model_v1.pth
2022-03-27 15:36:53,659 => loading stage3.0.fuse_layers.2.1.0.1.num_batches_tracked pretrained model pretrained_models/hrnet_w18_small_model_v1.pth
2022-03-27 15:36:53,660 => loading transition3.3.0.0.weight pretrained model pretrained_models/hrnet_w18_small_model_v1.pth
2022-03-27 15:36:53,660 => loading transition3.3.0.1.weight pretrained model pretrained_models/hrnet_w18_small_model_v1.pth
2022-03-27 15:36:53,660 => loading transition3.3.0.1.bias pretrained model pretrained_models/hrnet_w18_small_model_v1.pth
2022-03-27 15:36:53,660 => loading transition3.3.0.1.running_mean pretrained model pretrained_models/hrnet_w18_small_model_v1.pth
2022-03-27 15:36:53,660 => loading transition3.3.0.1.running_var pretrained model pretrained_models/hrnet_w18_small_model_v1.pth
2022-03-27 15:36:53,660 => loading transition3.3.0.1.num_batches_tracked pretrained model pretrained_models/hrnet_w18_small_model_v1.pth
2022-03-27 15:36:53,661 => loading stage4.0.branches.0.0.conv1.weight pretrained model pretrained_models/hrnet_w18_small_model_v1.pth
2022-03-27 15:36:53,661 => loading stage4.0.branches.0.0.bn1.weight pretrained model pretrained_models/hrnet_w18_small_model_v1.pth
2022-03-27 15:36:53,661 => loading stage4.0.branches.0.0.bn1.bias pretrained model pretrained_models/hrnet_w18_small_model_v1.pth
2022-03-27 15:36:53,661 => loading stage4.0.branches.0.0.bn1.running_mean pretrained model pretrained_models/hrnet_w18_small_model_v1.pth
2022-03-27 15:36:53,661 => loading stage4.0.branches.0.0.bn1.running_var pretrained model pretrained_models/hrnet_w18_small_model_v1.pth
2022-03-27 15:36:53,661 => loading stage4.0.branches.0.0.bn1.num_batches_tracked pretrained model pretrained_models/hrnet_w18_small_model_v1.pth
2022-03-27 15:36:53,662 => loading stage4.0.branches.0.0.conv2.weight pretrained model pretrained_models/hrnet_w18_small_model_v1.pth
2022-03-27 15:36:53,662 => loading stage4.0.branches.0.0.bn2.weight pretrained model pretrained_models/hrnet_w18_small_model_v1.pth
2022-03-27 15:36:53,662 => loading stage4.0.branches.0.0.bn2.bias pretrained model pretrained_models/hrnet_w18_small_model_v1.pth
2022-03-27 15:36:53,662 => loading stage4.0.branches.0.0.bn2.running_mean pretrained model pretrained_models/hrnet_w18_small_model_v1.pth
2022-03-27 15:36:53,662 => loading stage4.0.branches.0.0.bn2.running_var pretrained model pretrained_models/hrnet_w18_small_model_v1.pth
2022-03-27 15:36:53,662 => loading stage4.0.branches.0.0.bn2.num_batches_tracked pretrained model pretrained_models/hrnet_w18_small_model_v1.pth
2022-03-27 15:36:53,662 => loading stage4.0.branches.0.1.conv1.weight pretrained model pretrained_models/hrnet_w18_small_model_v1.pth
2022-03-27 15:36:53,663 => loading stage4.0.branches.0.1.bn1.weight pretrained model pretrained_models/hrnet_w18_small_model_v1.pth
2022-03-27 15:36:53,663 => loading stage4.0.branches.0.1.bn1.bias pretrained model pretrained_models/hrnet_w18_small_model_v1.pth
2022-03-27 15:36:53,663 => loading stage4.0.branches.0.1.bn1.running_mean pretrained model pretrained_models/hrnet_w18_small_model_v1.pth
2022-03-27 15:36:53,663 => loading stage4.0.branches.0.1.bn1.running_var pretrained model pretrained_models/hrnet_w18_small_model_v1.pth
2022-03-27 15:36:53,663 => loading stage4.0.branches.0.1.bn1.num_batches_tracked pretrained model pretrained_models/hrnet_w18_small_model_v1.pth
2022-03-27 15:36:53,663 => loading stage4.0.branches.0.1.conv2.weight pretrained model pretrained_models/hrnet_w18_small_model_v1.pth
2022-03-27 15:36:53,663 => loading stage4.0.branches.0.1.bn2.weight pretrained model pretrained_models/hrnet_w18_small_model_v1.pth
2022-03-27 15:36:53,664 => loading stage4.0.branches.0.1.bn2.bias pretrained model pretrained_models/hrnet_w18_small_model_v1.pth
2022-03-27 15:36:53,664 => loading stage4.0.branches.0.1.bn2.running_mean pretrained model pretrained_models/hrnet_w18_small_model_v1.pth
2022-03-27 15:36:53,664 => loading stage4.0.branches.0.1.bn2.running_var pretrained model pretrained_models/hrnet_w18_small_model_v1.pth
2022-03-27 15:36:53,664 => loading stage4.0.branches.0.1.bn2.num_batches_tracked pretrained model pretrained_models/hrnet_w18_small_model_v1.pth
2022-03-27 15:36:53,664 => loading stage4.0.branches.1.0.conv1.weight pretrained model pretrained_models/hrnet_w18_small_model_v1.pth
2022-03-27 15:36:53,665 => loading stage4.0.branches.1.0.bn1.weight pretrained model pretrained_models/hrnet_w18_small_model_v1.pth
2022-03-27 15:36:53,665 => loading stage4.0.branches.1.0.bn1.bias pretrained model pretrained_models/hrnet_w18_small_model_v1.pth
2022-03-27 15:36:53,665 => loading stage4.0.branches.1.0.bn1.running_mean pretrained model pretrained_models/hrnet_w18_small_model_v1.pth
2022-03-27 15:36:53,665 => loading stage4.0.branches.1.0.bn1.running_var pretrained model pretrained_models/hrnet_w18_small_model_v1.pth
2022-03-27 15:36:53,665 => loading stage4.0.branches.1.0.bn1.num_batches_tracked pretrained model pretrained_models/hrnet_w18_small_model_v1.pth
2022-03-27 15:36:53,666 => loading stage4.0.branches.1.0.conv2.weight pretrained model pretrained_models/hrnet_w18_small_model_v1.pth
2022-03-27 15:36:53,666 => loading stage4.0.branches.1.0.bn2.weight pretrained model pretrained_models/hrnet_w18_small_model_v1.pth
2022-03-27 15:36:53,666 => loading stage4.0.branches.1.0.bn2.bias pretrained model pretrained_models/hrnet_w18_small_model_v1.pth
2022-03-27 15:36:53,666 => loading stage4.0.branches.1.0.bn2.running_mean pretrained model pretrained_models/hrnet_w18_small_model_v1.pth
2022-03-27 15:36:53,666 => loading stage4.0.branches.1.0.bn2.running_var pretrained model pretrained_models/hrnet_w18_small_model_v1.pth
2022-03-27 15:36:53,666 => loading stage4.0.branches.1.0.bn2.num_batches_tracked pretrained model pretrained_models/hrnet_w18_small_model_v1.pth
2022-03-27 15:36:53,667 => loading stage4.0.branches.1.1.conv1.weight pretrained model pretrained_models/hrnet_w18_small_model_v1.pth
2022-03-27 15:36:53,667 => loading stage4.0.branches.1.1.bn1.weight pretrained model pretrained_models/hrnet_w18_small_model_v1.pth
2022-03-27 15:36:53,667 => loading stage4.0.branches.1.1.bn1.bias pretrained model pretrained_models/hrnet_w18_small_model_v1.pth
2022-03-27 15:36:53,667 => loading stage4.0.branches.1.1.bn1.running_mean pretrained model pretrained_models/hrnet_w18_small_model_v1.pth
2022-03-27 15:36:53,667 => loading stage4.0.branches.1.1.bn1.running_var pretrained model pretrained_models/hrnet_w18_small_model_v1.pth
2022-03-27 15:36:53,667 => loading stage4.0.branches.1.1.bn1.num_batches_tracked pretrained model pretrained_models/hrnet_w18_small_model_v1.pth
2022-03-27 15:36:53,667 => loading stage4.0.branches.1.1.conv2.weight pretrained model pretrained_models/hrnet_w18_small_model_v1.pth
2022-03-27 15:36:53,668 => loading stage4.0.branches.1.1.bn2.weight pretrained model pretrained_models/hrnet_w18_small_model_v1.pth
2022-03-27 15:36:53,668 => loading stage4.0.branches.1.1.bn2.bias pretrained model pretrained_models/hrnet_w18_small_model_v1.pth
2022-03-27 15:36:53,668 => loading stage4.0.branches.1.1.bn2.running_mean pretrained model pretrained_models/hrnet_w18_small_model_v1.pth
2022-03-27 15:36:53,668 => loading stage4.0.branches.1.1.bn2.running_var pretrained model pretrained_models/hrnet_w18_small_model_v1.pth
2022-03-27 15:36:53,668 => loading stage4.0.branches.1.1.bn2.num_batches_tracked pretrained model pretrained_models/hrnet_w18_small_model_v1.pth
2022-03-27 15:36:53,668 => loading stage4.0.branches.2.0.conv1.weight pretrained model pretrained_models/hrnet_w18_small_model_v1.pth
2022-03-27 15:36:53,669 => loading stage4.0.branches.2.0.bn1.weight pretrained model pretrained_models/hrnet_w18_small_model_v1.pth
2022-03-27 15:36:53,669 => loading stage4.0.branches.2.0.bn1.bias pretrained model pretrained_models/hrnet_w18_small_model_v1.pth
2022-03-27 15:36:53,669 => loading stage4.0.branches.2.0.bn1.running_mean pretrained model pretrained_models/hrnet_w18_small_model_v1.pth
2022-03-27 15:36:53,669 => loading stage4.0.branches.2.0.bn1.running_var pretrained model pretrained_models/hrnet_w18_small_model_v1.pth
2022-03-27 15:36:53,669 => loading stage4.0.branches.2.0.bn1.num_batches_tracked pretrained model pretrained_models/hrnet_w18_small_model_v1.pth
2022-03-27 15:36:53,669 => loading stage4.0.branches.2.0.conv2.weight pretrained model pretrained_models/hrnet_w18_small_model_v1.pth
2022-03-27 15:36:53,669 => loading stage4.0.branches.2.0.bn2.weight pretrained model pretrained_models/hrnet_w18_small_model_v1.pth
2022-03-27 15:36:53,670 => loading stage4.0.branches.2.0.bn2.bias pretrained model pretrained_models/hrnet_w18_small_model_v1.pth
2022-03-27 15:36:53,670 => loading stage4.0.branches.2.0.bn2.running_mean pretrained model pretrained_models/hrnet_w18_small_model_v1.pth
2022-03-27 15:36:53,670 => loading stage4.0.branches.2.0.bn2.running_var pretrained model pretrained_models/hrnet_w18_small_model_v1.pth
2022-03-27 15:36:53,670 => loading stage4.0.branches.2.0.bn2.num_batches_tracked pretrained model pretrained_models/hrnet_w18_small_model_v1.pth
2022-03-27 15:36:53,670 => loading stage4.0.branches.2.1.conv1.weight pretrained model pretrained_models/hrnet_w18_small_model_v1.pth
2022-03-27 15:36:53,670 => loading stage4.0.branches.2.1.bn1.weight pretrained model pretrained_models/hrnet_w18_small_model_v1.pth
2022-03-27 15:36:53,670 => loading stage4.0.branches.2.1.bn1.bias pretrained model pretrained_models/hrnet_w18_small_model_v1.pth
2022-03-27 15:36:53,671 => loading stage4.0.branches.2.1.bn1.running_mean pretrained model pretrained_models/hrnet_w18_small_model_v1.pth
2022-03-27 15:36:53,671 => loading stage4.0.branches.2.1.bn1.running_var pretrained model pretrained_models/hrnet_w18_small_model_v1.pth
2022-03-27 15:36:53,671 => loading stage4.0.branches.2.1.bn1.num_batches_tracked pretrained model pretrained_models/hrnet_w18_small_model_v1.pth
2022-03-27 15:36:53,671 => loading stage4.0.branches.2.1.conv2.weight pretrained model pretrained_models/hrnet_w18_small_model_v1.pth
2022-03-27 15:36:53,671 => loading stage4.0.branches.2.1.bn2.weight pretrained model pretrained_models/hrnet_w18_small_model_v1.pth
2022-03-27 15:36:53,671 => loading stage4.0.branches.2.1.bn2.bias pretrained model pretrained_models/hrnet_w18_small_model_v1.pth
2022-03-27 15:36:53,671 => loading stage4.0.branches.2.1.bn2.running_mean pretrained model pretrained_models/hrnet_w18_small_model_v1.pth
2022-03-27 15:36:53,671 => loading stage4.0.branches.2.1.bn2.running_var pretrained model pretrained_models/hrnet_w18_small_model_v1.pth
2022-03-27 15:36:53,672 => loading stage4.0.branches.2.1.bn2.num_batches_tracked pretrained model pretrained_models/hrnet_w18_small_model_v1.pth
2022-03-27 15:36:53,672 => loading stage4.0.branches.3.0.conv1.weight pretrained model pretrained_models/hrnet_w18_small_model_v1.pth
2022-03-27 15:36:53,672 => loading stage4.0.branches.3.0.bn1.weight pretrained model pretrained_models/hrnet_w18_small_model_v1.pth
2022-03-27 15:36:53,672 => loading stage4.0.branches.3.0.bn1.bias pretrained model pretrained_models/hrnet_w18_small_model_v1.pth
2022-03-27 15:36:53,672 => loading stage4.0.branches.3.0.bn1.running_mean pretrained model pretrained_models/hrnet_w18_small_model_v1.pth
2022-03-27 15:36:53,672 => loading stage4.0.branches.3.0.bn1.running_var pretrained model pretrained_models/hrnet_w18_small_model_v1.pth
2022-03-27 15:36:53,672 => loading stage4.0.branches.3.0.bn1.num_batches_tracked pretrained model pretrained_models/hrnet_w18_small_model_v1.pth
2022-03-27 15:36:53,673 => loading stage4.0.branches.3.0.conv2.weight pretrained model pretrained_models/hrnet_w18_small_model_v1.pth
2022-03-27 15:36:53,673 => loading stage4.0.branches.3.0.bn2.weight pretrained model pretrained_models/hrnet_w18_small_model_v1.pth
2022-03-27 15:36:53,673 => loading stage4.0.branches.3.0.bn2.bias pretrained model pretrained_models/hrnet_w18_small_model_v1.pth
2022-03-27 15:36:53,673 => loading stage4.0.branches.3.0.bn2.running_mean pretrained model pretrained_models/hrnet_w18_small_model_v1.pth
2022-03-27 15:36:53,673 => loading stage4.0.branches.3.0.bn2.running_var pretrained model pretrained_models/hrnet_w18_small_model_v1.pth
2022-03-27 15:36:53,673 => loading stage4.0.branches.3.0.bn2.num_batches_tracked pretrained model pretrained_models/hrnet_w18_small_model_v1.pth
2022-03-27 15:36:53,674 => loading stage4.0.branches.3.1.conv1.weight pretrained model pretrained_models/hrnet_w18_small_model_v1.pth
2022-03-27 15:36:53,674 => loading stage4.0.branches.3.1.bn1.weight pretrained model pretrained_models/hrnet_w18_small_model_v1.pth
2022-03-27 15:36:53,674 => loading stage4.0.branches.3.1.bn1.bias pretrained model pretrained_models/hrnet_w18_small_model_v1.pth
2022-03-27 15:36:53,674 => loading stage4.0.branches.3.1.bn1.running_mean pretrained model pretrained_models/hrnet_w18_small_model_v1.pth
2022-03-27 15:36:53,674 => loading stage4.0.branches.3.1.bn1.running_var pretrained model pretrained_models/hrnet_w18_small_model_v1.pth
2022-03-27 15:36:53,674 => loading stage4.0.branches.3.1.bn1.num_batches_tracked pretrained model pretrained_models/hrnet_w18_small_model_v1.pth
2022-03-27 15:36:53,674 => loading stage4.0.branches.3.1.conv2.weight pretrained model pretrained_models/hrnet_w18_small_model_v1.pth
2022-03-27 15:36:53,674 => loading stage4.0.branches.3.1.bn2.weight pretrained model pretrained_models/hrnet_w18_small_model_v1.pth
2022-03-27 15:36:53,675 => loading stage4.0.branches.3.1.bn2.bias pretrained model pretrained_models/hrnet_w18_small_model_v1.pth
2022-03-27 15:36:53,675 => loading stage4.0.branches.3.1.bn2.running_mean pretrained model pretrained_models/hrnet_w18_small_model_v1.pth
2022-03-27 15:36:53,675 => loading stage4.0.branches.3.1.bn2.running_var pretrained model pretrained_models/hrnet_w18_small_model_v1.pth
2022-03-27 15:36:53,675 => loading stage4.0.branches.3.1.bn2.num_batches_tracked pretrained model pretrained_models/hrnet_w18_small_model_v1.pth
2022-03-27 15:36:53,675 => loading stage4.0.fuse_layers.0.1.0.weight pretrained model pretrained_models/hrnet_w18_small_model_v1.pth
2022-03-27 15:36:53,675 => loading stage4.0.fuse_layers.0.1.1.weight pretrained model pretrained_models/hrnet_w18_small_model_v1.pth
2022-03-27 15:36:53,675 => loading stage4.0.fuse_layers.0.1.1.bias pretrained model pretrained_models/hrnet_w18_small_model_v1.pth
2022-03-27 15:36:53,676 => loading stage4.0.fuse_layers.0.1.1.running_mean pretrained model pretrained_models/hrnet_w18_small_model_v1.pth
2022-03-27 15:36:53,676 => loading stage4.0.fuse_layers.0.1.1.running_var pretrained model pretrained_models/hrnet_w18_small_model_v1.pth
2022-03-27 15:36:53,676 => loading stage4.0.fuse_layers.0.1.1.num_batches_tracked pretrained model pretrained_models/hrnet_w18_small_model_v1.pth
2022-03-27 15:36:53,676 => loading stage4.0.fuse_layers.0.2.0.weight pretrained model pretrained_models/hrnet_w18_small_model_v1.pth
2022-03-27 15:36:53,676 => loading stage4.0.fuse_layers.0.2.1.weight pretrained model pretrained_models/hrnet_w18_small_model_v1.pth
2022-03-27 15:36:53,676 => loading stage4.0.fuse_layers.0.2.1.bias pretrained model pretrained_models/hrnet_w18_small_model_v1.pth
2022-03-27 15:36:53,677 => loading stage4.0.fuse_layers.0.2.1.running_mean pretrained model pretrained_models/hrnet_w18_small_model_v1.pth
2022-03-27 15:36:53,677 => loading stage4.0.fuse_layers.0.2.1.running_var pretrained model pretrained_models/hrnet_w18_small_model_v1.pth
2022-03-27 15:36:53,677 => loading stage4.0.fuse_layers.0.2.1.num_batches_tracked pretrained model pretrained_models/hrnet_w18_small_model_v1.pth
2022-03-27 15:36:53,677 => loading stage4.0.fuse_layers.0.3.0.weight pretrained model pretrained_models/hrnet_w18_small_model_v1.pth
2022-03-27 15:36:53,677 => loading stage4.0.fuse_layers.0.3.1.weight pretrained model pretrained_models/hrnet_w18_small_model_v1.pth
2022-03-27 15:36:53,677 => loading stage4.0.fuse_layers.0.3.1.bias pretrained model pretrained_models/hrnet_w18_small_model_v1.pth
2022-03-27 15:36:53,677 => loading stage4.0.fuse_layers.0.3.1.running_mean pretrained model pretrained_models/hrnet_w18_small_model_v1.pth
2022-03-27 15:36:53,678 => loading stage4.0.fuse_layers.0.3.1.running_var pretrained model pretrained_models/hrnet_w18_small_model_v1.pth
2022-03-27 15:36:53,678 => loading stage4.0.fuse_layers.0.3.1.num_batches_tracked pretrained model pretrained_models/hrnet_w18_small_model_v1.pth
2022-03-27 15:36:53,678 => loading stage4.0.fuse_layers.1.0.0.0.weight pretrained model pretrained_models/hrnet_w18_small_model_v1.pth
2022-03-27 15:36:53,678 => loading stage4.0.fuse_layers.1.0.0.1.weight pretrained model pretrained_models/hrnet_w18_small_model_v1.pth
2022-03-27 15:36:53,678 => loading stage4.0.fuse_layers.1.0.0.1.bias pretrained model pretrained_models/hrnet_w18_small_model_v1.pth
2022-03-27 15:36:53,678 => loading stage4.0.fuse_layers.1.0.0.1.running_mean pretrained model pretrained_models/hrnet_w18_small_model_v1.pth
2022-03-27 15:36:53,678 => loading stage4.0.fuse_layers.1.0.0.1.running_var pretrained model pretrained_models/hrnet_w18_small_model_v1.pth
2022-03-27 15:36:53,679 => loading stage4.0.fuse_layers.1.0.0.1.num_batches_tracked pretrained model pretrained_models/hrnet_w18_small_model_v1.pth
2022-03-27 15:36:53,679 => loading stage4.0.fuse_layers.1.2.0.weight pretrained model pretrained_models/hrnet_w18_small_model_v1.pth
2022-03-27 15:36:53,679 => loading stage4.0.fuse_layers.1.2.1.weight pretrained model pretrained_models/hrnet_w18_small_model_v1.pth
2022-03-27 15:36:53,679 => loading stage4.0.fuse_layers.1.2.1.bias pretrained model pretrained_models/hrnet_w18_small_model_v1.pth
2022-03-27 15:36:53,679 => loading stage4.0.fuse_layers.1.2.1.running_mean pretrained model pretrained_models/hrnet_w18_small_model_v1.pth
2022-03-27 15:36:53,679 => loading stage4.0.fuse_layers.1.2.1.running_var pretrained model pretrained_models/hrnet_w18_small_model_v1.pth
2022-03-27 15:36:53,679 => loading stage4.0.fuse_layers.1.2.1.num_batches_tracked pretrained model pretrained_models/hrnet_w18_small_model_v1.pth
2022-03-27 15:36:53,679 => loading stage4.0.fuse_layers.1.3.0.weight pretrained model pretrained_models/hrnet_w18_small_model_v1.pth
2022-03-27 15:36:53,680 => loading stage4.0.fuse_layers.1.3.1.weight pretrained model pretrained_models/hrnet_w18_small_model_v1.pth
2022-03-27 15:36:53,680 => loading stage4.0.fuse_layers.1.3.1.bias pretrained model pretrained_models/hrnet_w18_small_model_v1.pth
2022-03-27 15:36:53,680 => loading stage4.0.fuse_layers.1.3.1.running_mean pretrained model pretrained_models/hrnet_w18_small_model_v1.pth
2022-03-27 15:36:53,680 => loading stage4.0.fuse_layers.1.3.1.running_var pretrained model pretrained_models/hrnet_w18_small_model_v1.pth
2022-03-27 15:36:53,680 => loading stage4.0.fuse_layers.1.3.1.num_batches_tracked pretrained model pretrained_models/hrnet_w18_small_model_v1.pth
2022-03-27 15:36:53,680 => loading stage4.0.fuse_layers.2.0.0.0.weight pretrained model pretrained_models/hrnet_w18_small_model_v1.pth
2022-03-27 15:36:53,680 => loading stage4.0.fuse_layers.2.0.0.1.weight pretrained model pretrained_models/hrnet_w18_small_model_v1.pth
2022-03-27 15:36:53,681 => loading stage4.0.fuse_layers.2.0.0.1.bias pretrained model pretrained_models/hrnet_w18_small_model_v1.pth
2022-03-27 15:36:53,681 => loading stage4.0.fuse_layers.2.0.0.1.running_mean pretrained model pretrained_models/hrnet_w18_small_model_v1.pth
2022-03-27 15:36:53,681 => loading stage4.0.fuse_layers.2.0.0.1.running_var pretrained model pretrained_models/hrnet_w18_small_model_v1.pth
2022-03-27 15:36:53,681 => loading stage4.0.fuse_layers.2.0.0.1.num_batches_tracked pretrained model pretrained_models/hrnet_w18_small_model_v1.pth
2022-03-27 15:36:53,681 => loading stage4.0.fuse_layers.2.0.1.0.weight pretrained model pretrained_models/hrnet_w18_small_model_v1.pth
2022-03-27 15:36:53,681 => loading stage4.0.fuse_layers.2.0.1.1.weight pretrained model pretrained_models/hrnet_w18_small_model_v1.pth
2022-03-27 15:36:53,681 => loading stage4.0.fuse_layers.2.0.1.1.bias pretrained model pretrained_models/hrnet_w18_small_model_v1.pth
2022-03-27 15:36:53,682 => loading stage4.0.fuse_layers.2.0.1.1.running_mean pretrained model pretrained_models/hrnet_w18_small_model_v1.pth
2022-03-27 15:36:53,682 => loading stage4.0.fuse_layers.2.0.1.1.running_var pretrained model pretrained_models/hrnet_w18_small_model_v1.pth
2022-03-27 15:36:53,682 => loading stage4.0.fuse_layers.2.0.1.1.num_batches_tracked pretrained model pretrained_models/hrnet_w18_small_model_v1.pth
2022-03-27 15:36:53,682 => loading stage4.0.fuse_layers.2.1.0.0.weight pretrained model pretrained_models/hrnet_w18_small_model_v1.pth
2022-03-27 15:36:53,682 => loading stage4.0.fuse_layers.2.1.0.1.weight pretrained model pretrained_models/hrnet_w18_small_model_v1.pth
2022-03-27 15:36:53,682 => loading stage4.0.fuse_layers.2.1.0.1.bias pretrained model pretrained_models/hrnet_w18_small_model_v1.pth
2022-03-27 15:36:53,682 => loading stage4.0.fuse_layers.2.1.0.1.running_mean pretrained model pretrained_models/hrnet_w18_small_model_v1.pth
2022-03-27 15:36:53,683 => loading stage4.0.fuse_layers.2.1.0.1.running_var pretrained model pretrained_models/hrnet_w18_small_model_v1.pth
2022-03-27 15:36:53,683 => loading stage4.0.fuse_layers.2.1.0.1.num_batches_tracked pretrained model pretrained_models/hrnet_w18_small_model_v1.pth
2022-03-27 15:36:53,683 => loading stage4.0.fuse_layers.2.3.0.weight pretrained model pretrained_models/hrnet_w18_small_model_v1.pth
2022-03-27 15:36:53,683 => loading stage4.0.fuse_layers.2.3.1.weight pretrained model pretrained_models/hrnet_w18_small_model_v1.pth
2022-03-27 15:36:53,683 => loading stage4.0.fuse_layers.2.3.1.bias pretrained model pretrained_models/hrnet_w18_small_model_v1.pth
2022-03-27 15:36:53,683 => loading stage4.0.fuse_layers.2.3.1.running_mean pretrained model pretrained_models/hrnet_w18_small_model_v1.pth
2022-03-27 15:36:53,684 => loading stage4.0.fuse_layers.2.3.1.running_var pretrained model pretrained_models/hrnet_w18_small_model_v1.pth
2022-03-27 15:36:53,684 => loading stage4.0.fuse_layers.2.3.1.num_batches_tracked pretrained model pretrained_models/hrnet_w18_small_model_v1.pth
2022-03-27 15:36:53,684 => loading stage4.0.fuse_layers.3.0.0.0.weight pretrained model pretrained_models/hrnet_w18_small_model_v1.pth
2022-03-27 15:36:53,684 => loading stage4.0.fuse_layers.3.0.0.1.weight pretrained model pretrained_models/hrnet_w18_small_model_v1.pth
2022-03-27 15:36:53,684 => loading stage4.0.fuse_layers.3.0.0.1.bias pretrained model pretrained_models/hrnet_w18_small_model_v1.pth
2022-03-27 15:36:53,684 => loading stage4.0.fuse_layers.3.0.0.1.running_mean pretrained model pretrained_models/hrnet_w18_small_model_v1.pth
2022-03-27 15:36:53,685 => loading stage4.0.fuse_layers.3.0.0.1.running_var pretrained model pretrained_models/hrnet_w18_small_model_v1.pth
2022-03-27 15:36:53,685 => loading stage4.0.fuse_layers.3.0.0.1.num_batches_tracked pretrained model pretrained_models/hrnet_w18_small_model_v1.pth
2022-03-27 15:36:53,685 => loading stage4.0.fuse_layers.3.0.1.0.weight pretrained model pretrained_models/hrnet_w18_small_model_v1.pth
2022-03-27 15:36:53,685 => loading stage4.0.fuse_layers.3.0.1.1.weight pretrained model pretrained_models/hrnet_w18_small_model_v1.pth
2022-03-27 15:36:53,685 => loading stage4.0.fuse_layers.3.0.1.1.bias pretrained model pretrained_models/hrnet_w18_small_model_v1.pth
2022-03-27 15:36:53,685 => loading stage4.0.fuse_layers.3.0.1.1.running_mean pretrained model pretrained_models/hrnet_w18_small_model_v1.pth
2022-03-27 15:36:53,685 => loading stage4.0.fuse_layers.3.0.1.1.running_var pretrained model pretrained_models/hrnet_w18_small_model_v1.pth
2022-03-27 15:36:53,686 => loading stage4.0.fuse_layers.3.0.1.1.num_batches_tracked pretrained model pretrained_models/hrnet_w18_small_model_v1.pth
2022-03-27 15:36:53,686 => loading stage4.0.fuse_layers.3.0.2.0.weight pretrained model pretrained_models/hrnet_w18_small_model_v1.pth
2022-03-27 15:36:53,686 => loading stage4.0.fuse_layers.3.0.2.1.weight pretrained model pretrained_models/hrnet_w18_small_model_v1.pth
2022-03-27 15:36:53,686 => loading stage4.0.fuse_layers.3.0.2.1.bias pretrained model pretrained_models/hrnet_w18_small_model_v1.pth
2022-03-27 15:36:53,686 => loading stage4.0.fuse_layers.3.0.2.1.running_mean pretrained model pretrained_models/hrnet_w18_small_model_v1.pth
2022-03-27 15:36:53,686 => loading stage4.0.fuse_layers.3.0.2.1.running_var pretrained model pretrained_models/hrnet_w18_small_model_v1.pth
2022-03-27 15:36:53,686 => loading stage4.0.fuse_layers.3.0.2.1.num_batches_tracked pretrained model pretrained_models/hrnet_w18_small_model_v1.pth
2022-03-27 15:36:53,687 => loading stage4.0.fuse_layers.3.1.0.0.weight pretrained model pretrained_models/hrnet_w18_small_model_v1.pth
2022-03-27 15:36:53,687 => loading stage4.0.fuse_layers.3.1.0.1.weight pretrained model pretrained_models/hrnet_w18_small_model_v1.pth
2022-03-27 15:36:53,687 => loading stage4.0.fuse_layers.3.1.0.1.bias pretrained model pretrained_models/hrnet_w18_small_model_v1.pth
2022-03-27 15:36:53,687 => loading stage4.0.fuse_layers.3.1.0.1.running_mean pretrained model pretrained_models/hrnet_w18_small_model_v1.pth
2022-03-27 15:36:53,687 => loading stage4.0.fuse_layers.3.1.0.1.running_var pretrained model pretrained_models/hrnet_w18_small_model_v1.pth
2022-03-27 15:36:53,687 => loading stage4.0.fuse_layers.3.1.0.1.num_batches_tracked pretrained model pretrained_models/hrnet_w18_small_model_v1.pth
2022-03-27 15:36:53,687 => loading stage4.0.fuse_layers.3.1.1.0.weight pretrained model pretrained_models/hrnet_w18_small_model_v1.pth
2022-03-27 15:36:53,688 => loading stage4.0.fuse_layers.3.1.1.1.weight pretrained model pretrained_models/hrnet_w18_small_model_v1.pth
2022-03-27 15:36:53,688 => loading stage4.0.fuse_layers.3.1.1.1.bias pretrained model pretrained_models/hrnet_w18_small_model_v1.pth
2022-03-27 15:36:53,688 => loading stage4.0.fuse_layers.3.1.1.1.running_mean pretrained model pretrained_models/hrnet_w18_small_model_v1.pth
2022-03-27 15:36:53,688 => loading stage4.0.fuse_layers.3.1.1.1.running_var pretrained model pretrained_models/hrnet_w18_small_model_v1.pth
2022-03-27 15:36:53,688 => loading stage4.0.fuse_layers.3.1.1.1.num_batches_tracked pretrained model pretrained_models/hrnet_w18_small_model_v1.pth
2022-03-27 15:36:53,688 => loading stage4.0.fuse_layers.3.2.0.0.weight pretrained model pretrained_models/hrnet_w18_small_model_v1.pth
2022-03-27 15:36:53,688 => loading stage4.0.fuse_layers.3.2.0.1.weight pretrained model pretrained_models/hrnet_w18_small_model_v1.pth
2022-03-27 15:36:53,688 => loading stage4.0.fuse_layers.3.2.0.1.bias pretrained model pretrained_models/hrnet_w18_small_model_v1.pth
2022-03-27 15:36:53,689 => loading stage4.0.fuse_layers.3.2.0.1.running_mean pretrained model pretrained_models/hrnet_w18_small_model_v1.pth
2022-03-27 15:36:53,689 => loading stage4.0.fuse_layers.3.2.0.1.running_var pretrained model pretrained_models/hrnet_w18_small_model_v1.pth
2022-03-27 15:36:53,689 => loading stage4.0.fuse_layers.3.2.0.1.num_batches_tracked pretrained model pretrained_models/hrnet_w18_small_model_v1.pth
2022-03-27 15:36:53,866 => loaded checkpoint (epoch 7)
2022-03-27 15:37:02,963 Epoch: [7/484] Iter:[0/185], Time: 9.10, lr: [0.009869740079964998], Loss: 0.260705
2022-03-27 15:38:16,073 Epoch: [7/484] Iter:[100/185], Time: 0.81, lr: [0.009859673481763852], Loss: 0.303939
2022-03-27 15:39:19,533 => saving checkpoint to output\cityscapes\CS_W18_smallv1_finetunecheckpoint_8.pth.tar
2022-03-27 15:39:24,474 Epoch: [8/484] Iter:[0/185], Time: 4.47, lr: [0.009851115975361124], Loss: 0.236737
2022-03-27 15:40:39,374 Epoch: [8/484] Iter:[100/185], Time: 0.79, lr: [0.00984104726312563], Loss: 0.298790
2022-03-27 15:41:42,893 => saving checkpoint to output\cityscapes\CS_W18_smallv1_finetunecheckpoint_9.pth.tar
2022-03-27 15:41:47,762 Epoch: [9/484] Iter:[0/185], Time: 4.45, lr: [0.00983248795771619], Loss: 0.218234
2022-03-27 15:43:03,313 Epoch: [9/484] Iter:[100/185], Time: 0.79, lr: [0.009822417126552534], Loss: 0.314536
2022-03-27 15:44:07,284 => saving checkpoint to output\cityscapes\CS_W18_smallv1_finetunecheckpoint_10.pth.tar
2022-03-27 15:44:12,147 Epoch: [10/484] Iter:[0/185], Time: 4.53, lr: [0.00981385601796745], Loss: 0.514905
2022-03-27 15:45:27,482 Epoch: [10/484] Iter:[100/185], Time: 0.79, lr: [0.00980378306296015], Loss: 0.308315
2022-03-27 15:46:31,687 => saving checkpoint to output\cityscapes\CS_W18_smallv1_finetunecheckpoint_11.pth.tar
2022-03-27 15:58:25,400 0 [0.94727853 0.68360791 0.83885057 0.15162074 0.28547752 0.40732425
 0.27045686 0.53238324 0.88216151 0.38617871 0.89331085 0.58970448
 0.0038634  0.85344987 0.01059535 0.20159598 0.13259934 0.0191659
 0.586835  ] 0.4566557915096732
2022-03-27 15:58:25,453 Loss: 0.283, MeanIU:  0.4567, Best_mIoU:  0.4567
2022-03-27 15:58:25,454 [0.94727853 0.68360791 0.83885057 0.15162074 0.28547752 0.40732425
 0.27045686 0.53238324 0.88216151 0.38617871 0.89331085 0.58970448
 0.0038634  0.85344987 0.01059535 0.20159598 0.13259934 0.0191659
 0.586835  ]
2022-03-27 15:58:30,376 Epoch: [11/484] Iter:[0/185], Time: 4.60, lr: [0.009795220147012004], Loss: 0.192832
